2025-10-20 15:27:45 - control_center - INFO - 配置文件加载成功: config.yaml
2025-10-20 15:27:45 - control_center - INFO - ============================================================
2025-10-20 15:27:45 - control_center - INFO - 控制中心初始化
2025-10-20 15:27:45 - control_center - INFO - ============================================================
2025-10-20 15:27:45 - control_center - INFO - ✓ Redis 连接成功
2025-10-20 15:27:45 - control_center - INFO - 
============================================================
2025-10-20 15:27:45 - control_center - INFO - 初始化爬虫模块
2025-10-20 15:27:45 - control_center - INFO - ============================================================
2025-10-20 15:27:46 - control_center - INFO - ✓ Reddit 爬虫初始化成功
2025-10-20 15:27:46 - control_center - INFO - ✓ NewsAPI 爬虫初始化成功
2025-10-20 15:27:46 - control_center - INFO - ✓ RSS 爬虫初始化成功
2025-10-20 15:27:46 - control_center - INFO - ✓ StockTwits 爬虫初始化成功
2025-10-20 15:27:49 - control_center - INFO - ✓ Twitter 爬虫初始化成功
2025-10-20 15:27:49 - control_center - INFO - 
已启用爬虫数量: 5/5
2025-10-20 15:27:49 - control_center - INFO - 
============================================================
2025-10-20 15:27:49 - control_center - INFO - 开始执行抓取任务 - 2025-10-20 15:27:49
2025-10-20 15:27:49 - control_center - INFO - ============================================================
2025-10-20 15:27:49 - control_center - INFO - 
============================================================
2025-10-20 15:27:49 - control_center - INFO - 运行 REDDIT 爬虫
2025-10-20 15:27:49 - control_center - INFO - ============================================================
2025-10-20 15:27:49 - control_center - ERROR - reddit 爬虫运行失败: module 'prawcore.exceptions' has no attribute 'RateLimitExceeded'
2025-10-20 15:27:49 - control_center - INFO - 
============================================================
2025-10-20 15:27:49 - control_center - INFO - 运行 NEWSAPI 爬虫
2025-10-20 15:27:49 - control_center - INFO - ============================================================
2025-10-20 15:27:51 - control_center - INFO - 
============================================================
2025-10-20 15:27:51 - control_center - INFO - 运行 RSS 爬虫
2025-10-20 15:27:51 - control_center - INFO - ============================================================
2025-10-20 15:42:42 - control_center - INFO - 配置文件加载成功: config.yaml
2025-10-20 15:42:42 - control_center - INFO - ============================================================
2025-10-20 15:42:42 - control_center - INFO - 控制中心初始化
2025-10-20 15:42:42 - control_center - INFO - ============================================================
2025-10-20 15:42:42 - control_center - INFO - ✓ Redis 连接成功
2025-10-20 15:42:42 - control_center - INFO - 
============================================================
2025-10-20 15:42:42 - control_center - INFO - 初始化爬虫模块
2025-10-20 15:42:42 - control_center - INFO - ============================================================
2025-10-20 15:42:42 - control_center - INFO - ✓ Reddit 爬虫初始化成功
2025-10-20 15:42:42 - control_center - INFO - ✓ NewsAPI 爬虫初始化成功
2025-10-20 15:42:42 - control_center - INFO - ✓ RSS 爬虫初始化成功
2025-10-20 15:42:42 - control_center - INFO - ✓ StockTwits 爬虫初始化成功
2025-10-20 15:42:44 - control_center - INFO - ✓ Twitter 爬虫初始化成功
2025-10-20 15:42:44 - control_center - INFO - 
已启用爬虫数量: 5/5
2025-10-20 15:42:44 - control_center - INFO - 
============================================================
2025-10-20 15:42:44 - control_center - INFO - 开始执行抓取任务 - 2025-10-20 15:42:44
2025-10-20 15:42:44 - control_center - INFO - ============================================================
2025-10-20 15:42:44 - control_center - INFO - 
============================================================
2025-10-20 15:42:44 - control_center - INFO - 运行 REDDIT 爬虫
2025-10-20 15:42:44 - control_center - INFO - ============================================================
2025-10-20 15:42:44 - control_center - ERROR - reddit 爬虫运行失败: module 'prawcore.exceptions' has no attribute 'RateLimitExceeded'
2025-10-20 15:42:44 - control_center - INFO - 
============================================================
2025-10-20 15:42:44 - control_center - INFO - 运行 NEWSAPI 爬虫
2025-10-20 15:42:44 - control_center - INFO - ============================================================
2025-10-20 15:42:45 - control_center - INFO - 
============================================================
2025-10-20 15:42:45 - control_center - INFO - 运行 RSS 爬虫
2025-10-20 15:42:45 - control_center - INFO - ============================================================
2025-10-20 15:45:15 - control_center - INFO - 
============================================================
2025-10-20 15:45:15 - control_center - INFO - 运行 STOCKTWITS 爬虫
2025-10-20 15:45:15 - control_center - INFO - ============================================================
2025-10-20 15:45:15 - control_center - INFO - 
============================================================
2025-10-20 15:45:15 - control_center - INFO - 运行 TWITTER 爬虫
2025-10-20 15:45:15 - control_center - INFO - ============================================================
2025-10-20 15:46:23 - control_center - INFO - 
============================================================
2025-10-20 15:46:23 - control_center - INFO - 检查是否需要导出数据
2025-10-20 15:46:23 - control_center - INFO - ============================================================
2025-10-20 15:46:23 - control_center - INFO - 当前 Redis 队列长度: 1300
2025-10-20 15:46:23 - control_center - INFO - ○ 队列长度未超过阈值（queue:500000 / keep:500000），跳过导出
2025-10-20 15:46:23 - control_center - INFO - 
============================================================
2025-10-20 15:46:23 - control_center - INFO - 抓取任务统计
2025-10-20 15:46:23 - control_center - INFO - ============================================================
2025-10-20 15:46:23 - control_center - INFO - Reddit:      帖子 0, 评论 0, 错误 1
2025-10-20 15:46:23 - control_center - INFO - NewsAPI:     文章 0, 错误 3
2025-10-20 15:46:23 - control_center - INFO - RSS:         文章 815, 错误 0
2025-10-20 15:46:23 - control_center - INFO - StockTwits:  消息 0, 错误 0
2025-10-20 15:46:23 - control_center - INFO - Twitter:     推文 0, 错误 5
2025-10-20 15:46:23 - control_center - INFO - ------------------------------------------------------------
2025-10-20 15:46:23 - control_center - INFO - 总计:        数据 815, 错误 9
2025-10-20 15:46:23 - control_center - INFO - 队列长度:    1300
2025-10-20 15:46:23 - control_center - INFO - ============================================================
2025-10-20 15:46:23 - control_center - INFO - Redis 连接已关闭
2025-10-20 15:56:22 - control_center - INFO - 配置文件加载成功: config.yaml
2025-10-20 15:56:22 - control_center - INFO - ============================================================
2025-10-20 15:56:22 - control_center - INFO - 控制中心初始化
2025-10-20 15:56:22 - control_center - INFO - ============================================================
2025-10-20 15:56:22 - control_center - INFO - ✓ Redis 连接成功
2025-10-20 15:56:22 - control_center - INFO - 
============================================================
2025-10-20 15:56:22 - control_center - INFO - 初始化爬虫模块
2025-10-20 15:56:22 - control_center - INFO - ============================================================
2025-10-20 15:56:22 - control_center - INFO - ✓ Reddit 爬虫初始化成功
2025-10-20 15:56:22 - control_center - INFO - ✓ NewsAPI 爬虫初始化成功
2025-10-20 15:56:22 - control_center - INFO - ✓ RSS 爬虫初始化成功
2025-10-20 15:56:22 - control_center - INFO - ✓ StockTwits 爬虫初始化成功
2025-10-20 15:56:23 - control_center - INFO - ✓ Twitter 爬虫初始化成功
2025-10-20 15:56:23 - control_center - INFO - 
已启用爬虫数量: 5/5
2025-10-20 15:56:23 - control_center - INFO - 
============================================================
2025-10-20 15:56:23 - control_center - INFO - 开始执行抓取任务 - 2025-10-20 15:56:23
2025-10-20 15:56:23 - control_center - INFO - ============================================================
2025-10-20 15:56:23 - control_center - INFO - 
============================================================
2025-10-20 15:56:23 - control_center - INFO - 运行 REDDIT 爬虫
2025-10-20 15:56:23 - control_center - INFO - ============================================================
2025-10-20 15:56:28 - control_center - INFO - 
============================================================
2025-10-20 15:56:28 - control_center - INFO - 运行 NEWSAPI 爬虫
2025-10-20 15:56:28 - control_center - INFO - ============================================================
2025-10-20 15:56:29 - control_center - INFO - 
============================================================
2025-10-20 15:56:29 - control_center - INFO - 运行 RSS 爬虫
2025-10-20 15:56:29 - control_center - INFO - ============================================================
2025-10-20 15:59:09 - control_center - INFO - 
============================================================
2025-10-20 15:59:09 - control_center - INFO - 运行 STOCKTWITS 爬虫
2025-10-20 15:59:09 - control_center - INFO - ============================================================
2025-10-20 15:59:20 - control_center - INFO - 
============================================================
2025-10-20 15:59:20 - control_center - INFO - 运行 TWITTER 爬虫
2025-10-20 15:59:20 - control_center - INFO - ============================================================
2025-10-20 16:00:25 - control_center - INFO - 
============================================================
2025-10-20 16:00:25 - control_center - INFO - 检查是否需要导出数据
2025-10-20 16:00:25 - control_center - INFO - ============================================================
2025-10-20 16:00:25 - control_center - INFO - 当前 Redis 队列长度: 2115
2025-10-20 16:00:25 - control_center - INFO - ○ 队列长度未超过阈值（queue:1000 / keep:500000），跳过导出
2025-10-20 16:00:25 - control_center - INFO - 
============================================================
2025-10-20 16:00:25 - control_center - INFO - 抓取任务统计
2025-10-20 16:00:25 - control_center - INFO - ============================================================
2025-10-20 16:00:25 - control_center - INFO - Reddit:      帖子 0, 评论 0, 错误 5
2025-10-20 16:00:25 - control_center - INFO - NewsAPI:     文章 0, 错误 3
2025-10-20 16:00:25 - control_center - INFO - RSS:         文章 815, 错误 0
2025-10-20 16:00:25 - control_center - INFO - StockTwits:  消息 0, 错误 0
2025-10-20 16:00:25 - control_center - INFO - Twitter:     推文 0, 错误 5
2025-10-20 16:00:25 - control_center - INFO - ------------------------------------------------------------
2025-10-20 16:00:25 - control_center - INFO - 总计:        数据 815, 错误 13
2025-10-20 16:00:25 - control_center - INFO - 队列长度:    2115
2025-10-20 16:00:25 - control_center - INFO - ============================================================
2025-10-20 16:00:25 - control_center - INFO - Redis 连接已关闭
2025-10-20 16:37:27 - control_center - INFO - 配置文件加载成功: config.yaml
2025-10-20 16:37:27 - control_center - INFO - ============================================================
2025-10-20 16:37:27 - control_center - INFO - 控制中心初始化
2025-10-20 16:37:27 - control_center - INFO - ============================================================
2025-10-20 16:37:27 - control_center - INFO - ✓ Redis 连接成功
2025-10-20 16:37:27 - control_center - INFO - 
============================================================
2025-10-20 16:37:27 - control_center - INFO - 初始化爬虫模块
2025-10-20 16:37:27 - control_center - INFO - ============================================================
2025-10-20 16:37:27 - control_center - INFO - ✓ Reddit 爬虫初始化成功
2025-10-20 16:37:27 - control_center - INFO - ✓ NewsAPI 爬虫初始化成功
2025-10-20 16:37:27 - control_center - INFO - ○ RSS 爬虫已禁用
2025-10-20 16:37:27 - control_center - INFO - ✓ StockTwits 爬虫初始化成功
2025-10-20 16:37:27 - control_center - INFO - ✓ Twitter 爬虫初始化成功
2025-10-20 16:37:27 - control_center - INFO - 
已启用爬虫数量: 4/5
2025-10-20 16:37:27 - control_center - INFO - 
============================================================
2025-10-20 16:37:27 - control_center - INFO - 开始执行抓取任务 - 2025-10-20 16:37:27
2025-10-20 16:37:27 - control_center - INFO - ============================================================
2025-10-20 16:37:27 - control_center - INFO - 
============================================================
2025-10-20 16:37:27 - control_center - INFO - 运行 REDDIT 爬虫
2025-10-20 16:37:27 - control_center - INFO - ============================================================
2025-10-20 16:37:31 - control_center - INFO - 
============================================================
2025-10-20 16:37:31 - control_center - INFO - 运行 NEWSAPI 爬虫
2025-10-20 16:37:31 - control_center - INFO - ============================================================
2025-10-20 16:37:36 - control_center - WARNING - 爬虫 rss 未启用或不存在
2025-10-20 16:37:36 - control_center - INFO - 
============================================================
2025-10-20 16:37:36 - control_center - INFO - 运行 STOCKTWITS 爬虫
2025-10-20 16:37:36 - control_center - INFO - ============================================================
2025-10-20 16:37:52 - control_center - INFO - 
============================================================
2025-10-20 16:37:52 - control_center - INFO - 运行 TWITTER 爬虫
2025-10-20 16:37:52 - control_center - INFO - ============================================================
2025-10-20 16:37:54 - control_center - INFO - 
============================================================
2025-10-20 16:37:54 - control_center - INFO - 检查是否需要导出数据
2025-10-20 16:37:54 - control_center - INFO - ============================================================
2025-10-20 16:37:54 - control_center - INFO - 当前 Redis 队列长度: 2385
2025-10-20 16:37:54 - control_center - INFO - ○ 队列长度未超过阈值（queue:1000 / keep:500000），跳过导出
2025-10-20 16:37:54 - control_center - INFO - 
============================================================
2025-10-20 16:37:54 - control_center - INFO - 抓取任务统计
2025-10-20 16:37:54 - control_center - INFO - ============================================================
2025-10-20 16:37:54 - control_center - INFO - Reddit:      帖子 0, 评论 0, 错误 5
2025-10-20 16:37:54 - control_center - INFO - NewsAPI:     文章 0, 错误 0
2025-10-20 16:37:54 - control_center - INFO - RSS:         文章 0, 错误 0
2025-10-20 16:37:54 - control_center - INFO - StockTwits:  消息 270, 错误 0
2025-10-20 16:37:54 - control_center - INFO - Twitter:     推文 0, 错误 0
2025-10-20 16:37:54 - control_center - INFO - ------------------------------------------------------------
2025-10-20 16:37:54 - control_center - INFO - 总计:        数据 270, 错误 5
2025-10-20 16:37:54 - control_center - INFO - 队列长度:    2385
2025-10-20 16:37:54 - control_center - INFO - ============================================================
2025-10-20 16:37:54 - control_center - INFO - Redis 连接已关闭
2025-10-20 16:46:57 - control_center - INFO - 配置文件加载成功: config.yaml
2025-10-20 16:46:57 - control_center - INFO - ============================================================
2025-10-20 16:46:57 - control_center - INFO - 控制中心初始化
2025-10-20 16:46:57 - control_center - INFO - ============================================================
2025-10-20 16:46:57 - control_center - INFO - ✓ Redis 连接成功
2025-10-20 16:46:57 - control_center - INFO - 
============================================================
2025-10-20 16:46:57 - control_center - INFO - 初始化爬虫模块
2025-10-20 16:46:57 - control_center - INFO - ============================================================
2025-10-20 16:46:57 - control_center - INFO - ✓ Reddit 爬虫初始化成功
2025-10-20 16:46:57 - control_center - INFO - ✓ NewsAPI 爬虫初始化成功
2025-10-20 16:46:57 - control_center - INFO - ○ RSS 爬虫已禁用
2025-10-20 16:46:57 - control_center - INFO - ✓ StockTwits 爬虫初始化成功
2025-10-20 16:46:57 - control_center - INFO - ✓ Twitter 爬虫初始化成功
2025-10-20 16:46:57 - control_center - INFO - 
已启用爬虫数量: 4/5
2025-10-20 16:46:57 - control_center - INFO - 
============================================================
2025-10-20 16:46:57 - control_center - INFO - 开始执行抓取任务 - 2025-10-20 16:46:57
2025-10-20 16:46:57 - control_center - INFO - ============================================================
2025-10-20 16:46:57 - control_center - INFO - 
============================================================
2025-10-20 16:46:57 - control_center - INFO - 运行 REDDIT 爬虫
2025-10-20 16:46:57 - control_center - INFO - ============================================================
2025-10-20 17:00:26 - control_center - INFO - 
============================================================
2025-10-20 17:00:26 - control_center - INFO - 运行 NEWSAPI 爬虫
2025-10-20 17:00:26 - control_center - INFO - ============================================================
2025-10-20 17:00:47 - control_center - WARNING - 爬虫 rss 未启用或不存在
2025-10-20 17:00:47 - control_center - INFO - 
============================================================
2025-10-20 17:00:47 - control_center - INFO - 运行 STOCKTWITS 爬虫
2025-10-20 17:00:47 - control_center - INFO - ============================================================
2025-10-20 17:01:04 - control_center - INFO - 
============================================================
2025-10-20 17:01:04 - control_center - INFO - 运行 TWITTER 爬虫
2025-10-20 17:01:04 - control_center - INFO - ============================================================
2025-10-20 17:01:11 - control_center - INFO - 
============================================================
2025-10-20 17:01:11 - control_center - INFO - 检查是否需要导出数据
2025-10-20 17:01:11 - control_center - INFO - ============================================================
2025-10-20 17:01:11 - control_center - INFO - 当前 Redis 队列长度: 7903
2025-10-20 17:01:11 - control_center - INFO - ○ 队列长度未超过阈值（queue:1000 / keep:500000），跳过导出
2025-10-20 17:01:11 - control_center - INFO - 
============================================================
2025-10-20 17:01:11 - control_center - INFO - 抓取任务统计
2025-10-20 17:01:11 - control_center - INFO - ============================================================
2025-10-20 17:01:11 - control_center - INFO - Reddit:      帖子 250, 评论 4998, 错误 0
2025-10-20 17:01:11 - control_center - INFO - NewsAPI:     文章 0, 错误 0
2025-10-20 17:01:11 - control_center - INFO - RSS:         文章 0, 错误 0
2025-10-20 17:01:11 - control_center - INFO - StockTwits:  消息 270, 错误 0
2025-10-20 17:01:11 - control_center - INFO - Twitter:     推文 0, 错误 0
2025-10-20 17:01:11 - control_center - INFO - ------------------------------------------------------------
2025-10-20 17:01:11 - control_center - INFO - 总计:        数据 5518, 错误 0
2025-10-20 17:01:11 - control_center - INFO - 队列长度:    7903
2025-10-20 17:01:11 - control_center - INFO - ============================================================
2025-10-20 17:01:11 - control_center - INFO - Redis 连接已关闭
2025-10-20 17:38:04 - control_center - INFO - 配置文件加载成功: config.yaml
2025-10-20 17:38:04 - control_center - INFO - ============================================================
2025-10-20 17:38:04 - control_center - INFO - 控制中心初始化
2025-10-20 17:38:04 - control_center - INFO - ============================================================
2025-10-20 17:38:04 - control_center - INFO - ✓ Redis 连接成功
2025-10-20 17:38:04 - control_center - INFO - 
============================================================
2025-10-20 17:38:04 - control_center - INFO - 初始化爬虫模块
2025-10-20 17:38:04 - control_center - INFO - ============================================================
2025-10-20 17:38:04 - control_center - INFO - ✓ Reddit 爬虫初始化成功
2025-10-20 17:38:04 - control_center - INFO - ✓ NewsAPI 爬虫初始化成功
2025-10-20 17:38:04 - control_center - INFO - ✓ RSS 爬虫初始化成功
2025-10-20 17:38:04 - control_center - INFO - ✓ StockTwits 爬虫初始化成功
2025-10-20 17:38:05 - control_center - INFO - ✓ Twitter 爬虫初始化成功
2025-10-20 17:38:05 - control_center - INFO - 
已启用爬虫数量: 5/5
2025-10-20 17:38:05 - control_center - INFO - 
============================================================
2025-10-20 17:38:05 - control_center - INFO - 开始执行抓取任务 - 2025-10-20 17:38:05
2025-10-20 17:38:05 - control_center - INFO - ============================================================
2025-10-20 17:38:05 - control_center - INFO - 
============================================================
2025-10-20 17:38:05 - control_center - INFO - 运行 REDDIT 爬虫
2025-10-20 17:38:05 - control_center - INFO - ============================================================
2025-10-20 17:40:33 - control_center - INFO - 
程序被用户中断
2025-10-20 17:43:45 - control_center - INFO - 配置文件加载成功: config.yaml
2025-10-20 17:43:45 - control_center - INFO - ============================================================
2025-10-20 17:43:45 - control_center - INFO - 控制中心初始化
2025-10-20 17:43:45 - control_center - INFO - ============================================================
2025-10-20 17:43:45 - control_center - INFO - ✓ Redis 连接成功
2025-10-20 17:43:45 - control_center - INFO - 
============================================================
2025-10-20 17:43:45 - control_center - INFO - 初始化爬虫模块
2025-10-20 17:43:45 - control_center - INFO - ============================================================
2025-10-20 17:43:46 - control_center - INFO - ✓ Reddit 爬虫初始化成功
2025-10-20 17:43:46 - control_center - INFO - ✓ NewsAPI 爬虫初始化成功
2025-10-20 17:43:46 - control_center - INFO - ✓ RSS 爬虫初始化成功
2025-10-20 17:43:46 - control_center - INFO - ✓ StockTwits 爬虫初始化成功
2025-10-20 17:43:46 - control_center - INFO - ✓ Twitter 爬虫初始化成功
2025-10-20 17:43:46 - control_center - INFO - 
已启用爬虫数量: 5/5
2025-10-20 17:43:46 - control_center - INFO - 
============================================================
2025-10-20 17:43:46 - control_center - INFO - 开始执行抓取任务 - 2025-10-20 17:43:46
2025-10-20 17:43:46 - control_center - INFO - ============================================================
2025-10-20 17:43:46 - control_center - INFO - 
============================================================
2025-10-20 17:43:46 - control_center - INFO - 运行 REDDIT 爬虫
2025-10-20 17:43:46 - control_center - INFO - ============================================================
2025-10-20 17:52:56 - control_center - INFO - 
程序被用户中断
