2025-10-26 08:06:47 - control_center - ERROR - 加载配置文件失败: while parsing a block collection
  in "config.yaml", line 28, column 5
expected <block end>, but found '<scalar>'
  in "config.yaml", line 28, column 19
2025-10-26 08:07:10 - control_center - ERROR - 加载配置文件失败: while parsing a block collection
  in "config.yaml", line 28, column 5
expected <block end>, but found '<scalar>'
  in "config.yaml", line 28, column 19
2025-10-26 08:09:11 - control_center - INFO - 配置文件加载成功: config.yaml
2025-10-26 08:09:11 - control_center - INFO - ============================================================
2025-10-26 08:09:11 - control_center - INFO - 控制中心初始化
2025-10-26 08:09:11 - control_center - INFO - ============================================================
2025-10-26 08:09:11 - control_center - INFO - ✓ Redis 连接成功
2025-10-26 08:09:11 - control_center - INFO - 
============================================================
2025-10-26 08:09:11 - control_center - INFO - 初始化爬虫模块
2025-10-26 08:09:11 - control_center - INFO - ============================================================
2025-10-26 08:09:11 - control_center - INFO - ○ Reddit 爬虫已禁用
2025-10-26 08:09:11 - control_center - INFO - ✓ NewsAPI 爬虫初始化成功
2025-10-26 08:09:11 - control_center - INFO - ○ RSS 爬虫已禁用
2025-10-26 08:09:11 - control_center - INFO - ○ StockTwits 爬虫已禁用
2025-10-26 08:09:11 - control_center - INFO - 
已启用爬虫数量: 1/5
2025-10-26 08:09:11 - control_center - INFO - 
============================================================
2025-10-26 08:09:11 - control_center - INFO - 开始执行抓取任务 - 2025-10-26 08:09:11
2025-10-26 08:09:11 - control_center - INFO - ============================================================
2025-10-26 08:09:11 - control_center - WARNING - 爬虫 reddit 未启用或不存在
2025-10-26 08:09:11 - control_center - INFO - 
============================================================
2025-10-26 08:09:11 - control_center - INFO - 运行 NEWSAPI 爬虫
2025-10-26 08:09:11 - control_center - INFO - ============================================================
2025-10-26 08:09:20 - control_center - WARNING - 爬虫 rss 未启用或不存在
2025-10-26 08:09:20 - control_center - WARNING - 爬虫 stocktwits 未启用或不存在
2025-10-26 08:09:20 - control_center - WARNING - 爬虫 twitter 未启用或不存在
2025-10-26 08:09:20 - control_center - INFO - 
============================================================
2025-10-26 08:09:20 - control_center - INFO - 检查是否需要导出数据
2025-10-26 08:09:20 - control_center - INFO - ============================================================
2025-10-26 08:09:20 - control_center - INFO - 当前 Redis 队列长度: 7406
2025-10-26 08:09:20 - control_center - INFO - ○ 队列长度未超过阈值（queue:1000 / keep:500000），跳过导出
2025-10-26 08:09:20 - control_center - INFO - 
============================================================
2025-10-26 08:09:20 - control_center - INFO - 抓取任务统计
2025-10-26 08:09:20 - control_center - INFO - ============================================================
2025-10-26 08:09:20 - control_center - INFO - Reddit:      帖子 0, 评论 0, 错误 0
2025-10-26 08:09:20 - control_center - INFO - NewsAPI:     文章 125, 错误 0
2025-10-26 08:09:20 - control_center - INFO - RSS:         文章 0, 错误 0
2025-10-26 08:09:20 - control_center - INFO - StockTwits:  消息 0, 错误 0
2025-10-26 08:09:20 - control_center - INFO - ------------------------------------------------------------
2025-10-26 08:09:20 - control_center - INFO - 总计:        数据 125, 错误 0
2025-10-26 08:09:20 - control_center - INFO - 队列长度:    7406
2025-10-26 08:09:20 - control_center - INFO - ============================================================
2025-10-26 08:09:20 - control_center - INFO - Redis 连接已关闭
