2025-10-24 18:04:58 - control_center - INFO - 配置文件加载成功: config.yaml
2025-10-24 18:04:58 - control_center - INFO - ============================================================
2025-10-24 18:04:58 - control_center - INFO - 控制中心初始化
2025-10-24 18:04:58 - control_center - INFO - ============================================================
2025-10-24 18:04:58 - control_center - INFO - ✓ Redis 连接成功
2025-10-24 18:04:58 - control_center - INFO - 
============================================================
2025-10-24 18:04:58 - control_center - INFO - 初始化爬虫模块
2025-10-24 18:04:58 - control_center - INFO - ============================================================
2025-10-24 18:04:58 - control_center - INFO - ○ Reddit 爬虫已禁用
2025-10-24 18:04:58 - control_center - INFO - ✓ NewsAPI 爬虫初始化成功
2025-10-24 18:04:58 - control_center - INFO - ✓ RSS 爬虫初始化成功
2025-10-24 18:04:58 - control_center - INFO - ✓ StockTwits 爬虫初始化成功
2025-10-24 18:04:59 - control_center - INFO - ✓ Twitter 爬虫初始化成功
2025-10-24 18:04:59 - control_center - INFO - 
已启用爬虫数量: 4/5
2025-10-24 18:04:59 - control_center - INFO - 
============================================================
2025-10-24 18:04:59 - control_center - INFO - 开始执行抓取任务 - 2025-10-24 18:04:59
2025-10-24 18:04:59 - control_center - INFO - ============================================================
2025-10-24 18:04:59 - control_center - WARNING - 爬虫 reddit 未启用或不存在
2025-10-24 18:04:59 - control_center - INFO - 
============================================================
2025-10-24 18:04:59 - control_center - INFO - 运行 NEWSAPI 爬虫
2025-10-24 18:04:59 - control_center - INFO - ============================================================
2025-10-24 18:05:23 - control_center - INFO - 
============================================================
2025-10-24 18:05:23 - control_center - INFO - 运行 RSS 爬虫
2025-10-24 18:05:23 - control_center - INFO - ============================================================
2025-10-24 18:08:03 - control_center - INFO - 
============================================================
2025-10-24 18:08:03 - control_center - INFO - 运行 STOCKTWITS 爬虫
2025-10-24 18:08:03 - control_center - INFO - ============================================================
2025-10-24 18:08:03 - control_center - ERROR - stocktwits 爬虫运行失败: 'StockTwitsCrawler' object has no attribute 'watch_symbols'
2025-10-24 18:08:03 - control_center - INFO - 
============================================================
2025-10-24 18:08:03 - control_center - INFO - 运行 TWITTER 爬虫
2025-10-24 18:08:03 - control_center - INFO - ============================================================
2025-10-24 18:20:07 - control_center - INFO - 
============================================================
2025-10-24 18:20:07 - control_center - INFO - 检查是否需要导出数据
2025-10-24 18:20:07 - control_center - INFO - ============================================================
2025-10-24 18:20:07 - control_center - INFO - 当前 Redis 队列长度: 813
2025-10-24 18:20:07 - control_center - INFO - ○ 队列长度未超过阈值（queue:1000 / keep:500000），跳过导出
2025-10-24 18:20:07 - control_center - INFO - 
============================================================
2025-10-24 18:20:07 - control_center - INFO - 抓取任务统计
2025-10-24 18:20:07 - control_center - INFO - ============================================================
2025-10-24 18:20:07 - control_center - INFO - Reddit:      帖子 0, 评论 0, 错误 0
2025-10-24 18:20:07 - control_center - INFO - NewsAPI:     文章 0, 错误 0
2025-10-24 18:20:07 - control_center - INFO - RSS:         文章 813, 错误 0
2025-10-24 18:20:07 - control_center - INFO - StockTwits:  消息 0, 错误 1
2025-10-24 18:20:07 - control_center - INFO - Twitter:     推文 0, 错误 0
2025-10-24 18:20:07 - control_center - INFO - ------------------------------------------------------------
2025-10-24 18:20:07 - control_center - INFO - 总计:        数据 813, 错误 1
2025-10-24 18:20:07 - control_center - INFO - 队列长度:    813
2025-10-24 18:20:07 - control_center - INFO - ============================================================
2025-10-24 18:20:07 - control_center - INFO - Redis 连接已关闭
2025-10-24 19:10:28 - control_center - INFO - 配置文件加载成功: config.yaml
2025-10-24 19:10:28 - control_center - INFO - ============================================================
2025-10-24 19:10:28 - control_center - INFO - 控制中心初始化
2025-10-24 19:10:28 - control_center - INFO - ============================================================
2025-10-24 19:10:28 - control_center - INFO - ✓ Redis 连接成功
2025-10-24 19:10:28 - control_center - INFO - 
============================================================
2025-10-24 19:10:28 - control_center - INFO - 初始化爬虫模块
2025-10-24 19:10:28 - control_center - INFO - ============================================================
2025-10-24 19:10:28 - control_center - INFO - ○ Reddit 爬虫已禁用
2025-10-24 19:10:28 - control_center - INFO - ✓ NewsAPI 爬虫初始化成功
2025-10-24 19:10:28 - control_center - INFO - ✓ RSS 爬虫初始化成功
2025-10-24 19:10:28 - control_center - INFO - ✓ StockTwits 爬虫初始化成功
2025-10-24 19:10:28 - control_center - INFO - 
已启用爬虫数量: 3/5
2025-10-24 19:10:28 - control_center - INFO - 
============================================================
2025-10-24 19:10:28 - control_center - INFO - 开始执行抓取任务 - 2025-10-24 19:10:28
2025-10-24 19:10:28 - control_center - INFO - ============================================================
2025-10-24 19:10:28 - control_center - WARNING - 爬虫 reddit 未启用或不存在
2025-10-24 19:10:28 - control_center - INFO - 
============================================================
2025-10-24 19:10:28 - control_center - INFO - 运行 NEWSAPI 爬虫
2025-10-24 19:10:28 - control_center - INFO - ============================================================
2025-10-24 19:10:52 - control_center - INFO - 
============================================================
2025-10-24 19:10:52 - control_center - INFO - 运行 RSS 爬虫
2025-10-24 19:10:52 - control_center - INFO - ============================================================
2025-10-24 19:13:56 - control_center - INFO - 
============================================================
2025-10-24 19:13:56 - control_center - INFO - 运行 STOCKTWITS 爬虫
2025-10-24 19:13:56 - control_center - INFO - ============================================================
2025-10-24 19:14:10 - control_center - WARNING - 爬虫 twitter 未启用或不存在
2025-10-24 19:14:10 - control_center - INFO - 
============================================================
2025-10-24 19:14:10 - control_center - INFO - 检查是否需要导出数据
2025-10-24 19:14:10 - control_center - INFO - ============================================================
2025-10-24 19:14:10 - control_center - INFO - 当前 Redis 队列长度: 1625
2025-10-24 19:14:10 - control_center - INFO - ○ 队列长度未超过阈值（queue:1000 / keep:500000），跳过导出
2025-10-24 19:14:10 - control_center - INFO - 
============================================================
2025-10-24 19:14:10 - control_center - INFO - 抓取任务统计
2025-10-24 19:14:10 - control_center - INFO - ============================================================
2025-10-24 19:14:10 - control_center - INFO - Reddit:      帖子 0, 评论 0, 错误 0
2025-10-24 19:14:10 - control_center - INFO - NewsAPI:     文章 0, 错误 0
2025-10-24 19:14:10 - control_center - INFO - RSS:         文章 812, 错误 0
2025-10-24 19:14:10 - control_center - INFO - StockTwits:  消息 0, 错误 0
2025-10-24 19:14:10 - control_center - INFO - ------------------------------------------------------------
2025-10-24 19:14:10 - control_center - INFO - 总计:        数据 812, 错误 0
2025-10-24 19:14:10 - control_center - INFO - 队列长度:    1625
2025-10-24 19:14:10 - control_center - INFO - ============================================================
2025-10-24 19:14:10 - control_center - INFO - Redis 连接已关闭
2025-10-24 20:53:42 - control_center - INFO - 配置文件加载成功: config.yaml
2025-10-24 20:53:42 - control_center - INFO - ============================================================
2025-10-24 20:53:42 - control_center - INFO - 控制中心初始化
2025-10-24 20:53:42 - control_center - INFO - ============================================================
2025-10-24 20:53:42 - control_center - INFO - ✓ Redis 连接成功
2025-10-24 20:53:42 - control_center - INFO - 
============================================================
2025-10-24 20:53:42 - control_center - INFO - 初始化爬虫模块
2025-10-24 20:53:42 - control_center - INFO - ============================================================
2025-10-24 20:53:42 - control_center - INFO - ○ Reddit 爬虫已禁用
2025-10-24 20:53:42 - control_center - INFO - ✓ NewsAPI 爬虫初始化成功
2025-10-24 20:53:42 - control_center - INFO - ✓ RSS 爬虫初始化成功
2025-10-24 20:53:42 - control_center - INFO - ✓ StockTwits 爬虫初始化成功
2025-10-24 20:53:42 - control_center - INFO - 
已启用爬虫数量: 3/5
2025-10-24 20:53:42 - control_center - INFO - 
============================================================
2025-10-24 20:53:42 - control_center - INFO - 开始执行抓取任务 - 2025-10-24 20:53:42
2025-10-24 20:53:42 - control_center - INFO - ============================================================
2025-10-24 20:53:42 - control_center - WARNING - 爬虫 reddit 未启用或不存在
2025-10-24 20:53:42 - control_center - INFO - 
============================================================
2025-10-24 20:53:42 - control_center - INFO - 运行 NEWSAPI 爬虫
2025-10-24 20:53:42 - control_center - INFO - ============================================================
2025-10-24 20:54:06 - control_center - INFO - 
============================================================
2025-10-24 20:54:06 - control_center - INFO - 运行 RSS 爬虫
2025-10-24 20:54:06 - control_center - INFO - ============================================================
2025-10-24 20:56:57 - control_center - INFO - 
============================================================
2025-10-24 20:56:57 - control_center - INFO - 运行 STOCKTWITS 爬虫
2025-10-24 20:56:57 - control_center - INFO - ============================================================
2025-10-24 20:57:10 - control_center - WARNING - 爬虫 twitter 未启用或不存在
2025-10-24 20:57:10 - control_center - INFO - 
============================================================
2025-10-24 20:57:10 - control_center - INFO - 检查是否需要导出数据
2025-10-24 20:57:10 - control_center - INFO - ============================================================
2025-10-24 20:57:10 - control_center - INFO - 当前 Redis 队列长度: 2437
2025-10-24 20:57:10 - control_center - INFO - ○ 队列长度未超过阈值（queue:1000 / keep:500000），跳过导出
2025-10-24 20:57:10 - control_center - INFO - 
============================================================
2025-10-24 20:57:10 - control_center - INFO - 抓取任务统计
2025-10-24 20:57:10 - control_center - INFO - ============================================================
2025-10-24 20:57:10 - control_center - INFO - Reddit:      帖子 0, 评论 0, 错误 0
2025-10-24 20:57:10 - control_center - INFO - NewsAPI:     文章 0, 错误 0
2025-10-24 20:57:10 - control_center - INFO - RSS:         文章 812, 错误 0
2025-10-24 20:57:10 - control_center - INFO - StockTwits:  消息 0, 错误 0
2025-10-24 20:57:10 - control_center - INFO - ------------------------------------------------------------
2025-10-24 20:57:10 - control_center - INFO - 总计:        数据 812, 错误 0
2025-10-24 20:57:10 - control_center - INFO - 队列长度:    2437
2025-10-24 20:57:10 - control_center - INFO - ============================================================
2025-10-24 20:57:10 - control_center - INFO - Redis 连接已关闭
2025-10-24 20:57:50 - control_center - INFO - 配置文件加载成功: config.yaml
2025-10-24 20:57:50 - control_center - INFO - ============================================================
2025-10-24 20:57:50 - control_center - INFO - 控制中心初始化
2025-10-24 20:57:50 - control_center - INFO - ============================================================
2025-10-24 20:57:50 - control_center - INFO - ✓ Redis 连接成功
2025-10-24 20:57:50 - control_center - INFO - 
============================================================
2025-10-24 20:57:50 - control_center - INFO - 初始化爬虫模块
2025-10-24 20:57:50 - control_center - INFO - ============================================================
2025-10-24 20:57:51 - control_center - INFO - ✓ Reddit 爬虫初始化成功
2025-10-24 20:57:51 - control_center - INFO - ○ NewsAPI 爬虫已禁用
2025-10-24 20:57:51 - control_center - INFO - ○ RSS 爬虫已禁用
2025-10-24 20:57:51 - control_center - INFO - ✓ StockTwits 爬虫初始化成功
2025-10-24 20:57:51 - control_center - INFO - 
已启用爬虫数量: 2/5
2025-10-24 20:57:51 - control_center - INFO - 
============================================================
2025-10-24 20:57:51 - control_center - INFO - 开始执行抓取任务 - 2025-10-24 20:57:51
2025-10-24 20:57:51 - control_center - INFO - ============================================================
2025-10-24 20:57:51 - control_center - INFO - 
============================================================
2025-10-24 20:57:51 - control_center - INFO - 运行 REDDIT 爬虫
2025-10-24 20:57:51 - control_center - INFO - ============================================================
2025-10-24 21:03:46 - control_center - WARNING - 爬虫 newsapi 未启用或不存在
2025-10-24 21:03:46 - control_center - WARNING - 爬虫 rss 未启用或不存在
2025-10-24 21:03:46 - control_center - INFO - 
============================================================
2025-10-24 21:03:46 - control_center - INFO - 运行 STOCKTWITS 爬虫
2025-10-24 21:03:46 - control_center - INFO - ============================================================
2025-10-24 21:03:59 - control_center - WARNING - 爬虫 twitter 未启用或不存在
2025-10-24 21:03:59 - control_center - INFO - 
============================================================
2025-10-24 21:03:59 - control_center - INFO - 检查是否需要导出数据
2025-10-24 21:03:59 - control_center - INFO - ============================================================
2025-10-24 21:03:59 - control_center - INFO - 当前 Redis 队列长度: 7281
2025-10-24 21:03:59 - control_center - INFO - ○ 队列长度未超过阈值（queue:1000 / keep:500000），跳过导出
2025-10-24 21:03:59 - control_center - INFO - 
============================================================
2025-10-24 21:03:59 - control_center - INFO - 抓取任务统计
2025-10-24 21:03:59 - control_center - INFO - ============================================================
2025-10-24 21:03:59 - control_center - INFO - Reddit:      帖子 250, 评论 4594, 错误 0
2025-10-24 21:03:59 - control_center - INFO - NewsAPI:     文章 0, 错误 0
2025-10-24 21:03:59 - control_center - INFO - RSS:         文章 0, 错误 0
2025-10-24 21:03:59 - control_center - INFO - StockTwits:  消息 0, 错误 0
2025-10-24 21:03:59 - control_center - INFO - ------------------------------------------------------------
2025-10-24 21:03:59 - control_center - INFO - 总计:        数据 4844, 错误 0
2025-10-24 21:03:59 - control_center - INFO - 队列长度:    7281
2025-10-24 21:03:59 - control_center - INFO - ============================================================
2025-10-24 21:03:59 - control_center - INFO - Redis 连接已关闭
