2025-10-26 08:09:11 - newsapi_crawler - INFO - NewsAPI 爬虫初始化成功
2025-10-26 08:09:11 - newsapi_crawler - INFO - ✓ 每日计数器重置 (上次: 2025-10-24)
2025-10-26 08:09:11 - newsapi_crawler - INFO - ✓ 今日配额检查通过: 剩余 40/100
2025-10-26 08:09:11 - newsapi_crawler - INFO - 开始抓取 NewsAPI 数据...
2025-10-26 08:09:11 - newsapi_crawler - INFO - 正在搜索关键词: "Apple Inc" AND (iPhone OR earnings OR stock)
2025-10-26 08:09:13 - newsapi_crawler - INFO -   ✓ 找到 25 篇文章（总共 47 篇可用）
2025-10-26 08:09:13 - newsapi_crawler - INFO - ✓ 关键词 '"Apple Inc" AND (iPhone OR earnings OR stock)' 抓取完成 - 获取: 25 篇, 保存: 25 篇
2025-10-26 08:09:14 - newsapi_crawler - INFO - 正在搜索关键词: "Tesla" AND (electric vehicle OR Elon Musk OR stock)
2025-10-26 08:09:14 - newsapi_crawler - INFO -   ✓ 找到 25 篇文章（总共 282 篇可用）
2025-10-26 08:09:14 - newsapi_crawler - INFO - ✓ 关键词 '"Tesla" AND (electric vehicle OR Elon Musk OR stock)' 抓取完成 - 获取: 25 篇, 保存: 25 篇
2025-10-26 08:09:15 - newsapi_crawler - INFO - 正在搜索关键词: "Nvidia" AND (AI OR chip OR semiconductor)
2025-10-26 08:09:16 - newsapi_crawler - INFO -   ✓ 找到 25 篇文章（总共 854 篇可用）
2025-10-26 08:09:16 - newsapi_crawler - INFO - ✓ 关键词 '"Nvidia" AND (AI OR chip OR semiconductor)' 抓取完成 - 获取: 25 篇, 保存: 25 篇
2025-10-26 08:09:17 - newsapi_crawler - INFO - 正在搜索关键词: "Google" AND (Alphabet OR earnings OR stock)
2025-10-26 08:09:17 - newsapi_crawler - INFO -   ✓ 找到 25 篇文章（总共 1235 篇可用）
2025-10-26 08:09:17 - newsapi_crawler - INFO - ✓ 关键词 '"Google" AND (Alphabet OR earnings OR stock)' 抓取完成 - 获取: 25 篇, 保存: 25 篇
2025-10-26 08:09:19 - newsapi_crawler - INFO - 正在搜索关键词: "Meta" AND (Facebook OR earnings OR stock)
2025-10-26 08:09:19 - newsapi_crawler - INFO -   ✓ 找到 25 篇文章（总共 1444 篇可用）
2025-10-26 08:09:19 - newsapi_crawler - INFO - ✓ 关键词 '"Meta" AND (Facebook OR earnings OR stock)' 抓取完成 - 获取: 25 篇, 保存: 25 篇
2025-10-26 08:09:20 - newsapi_crawler - INFO - ✓ 配额已更新: 0 → 5
2025-10-26 08:09:20 - newsapi_crawler - INFO - NewsAPI 抓取完成 - 文章: 125, 错误: 0
2025-10-26 08:09:20 - newsapi_crawler - INFO - 本次使用: 5 次, 今日累计: 5 次
