2025-10-27 15:25:07 - alphavantage_crawler - INFO - ✓ Alpha Vantage 爬虫初始化成功，监控股票: AAPL, MSFT, GOOGL...
2025-10-27 15:25:07 - alphavantage_crawler - INFO - ✓ 今日配额检查通过: 剩余 25/25
2025-10-27 15:25:07 - alphavantage_crawler - INFO - 开始抓取 Alpha Vantage 数据...
2025-10-27 15:25:07 - alphavantage_crawler - INFO - 正在抓取股票: AAPL
2025-10-27 15:25:08 - alphavantage_crawler - INFO -   ✓ 报价: $262.82 (1.2482%)
2025-10-27 15:25:21 - alphavantage_crawler - INFO -   ✓ 新闻: 10 条 (平均情感: Somewhat-Bullish)
2025-10-27 15:25:33 - alphavantage_crawler - INFO - ✓ 股票 AAPL 抓取完成
2025-10-27 15:25:33 - alphavantage_crawler - INFO - 正在抓取股票: MSFT
2025-10-27 15:25:34 - alphavantage_crawler - INFO -   ✓ 报价: $523.61 (0.5859%)
2025-10-27 15:25:48 - alphavantage_crawler - INFO -   ✓ 新闻: 10 条 (平均情感: Neutral)
2025-10-27 15:26:00 - alphavantage_crawler - INFO - ✓ 股票 MSFT 抓取完成
2025-10-27 15:26:00 - alphavantage_crawler - INFO - 正在抓取股票: GOOGL
2025-10-27 15:26:00 - alphavantage_crawler - INFO -   ✓ 报价: $259.92 (2.7027%)
2025-10-27 15:26:13 - alphavantage_crawler - WARNING -   ⚠️ GOOGL 未返回新闻数据
2025-10-27 15:26:25 - alphavantage_crawler - INFO - ✓ 股票 GOOGL 抓取完成
2025-10-27 15:26:25 - alphavantage_crawler - INFO - 正在抓取股票: AMZN
2025-10-27 15:26:26 - alphavantage_crawler - INFO -   ✓ 报价: $224.21 (1.4112%)
2025-10-27 15:26:40 - alphavantage_crawler - INFO -   ✓ 新闻: 10 条 (平均情感: Somewhat-Bullish)
2025-10-27 15:26:52 - alphavantage_crawler - INFO - ✓ 股票 AMZN 抓取完成
2025-10-27 15:26:52 - alphavantage_crawler - INFO - 正在抓取股票: TSLA
2025-10-27 15:26:57 - alphavantage_crawler - INFO -   ✓ 报价: $433.72 (-3.3988%)
2025-10-27 15:27:11 - alphavantage_crawler - INFO -   ✓ 新闻: 10 条 (平均情感: Somewhat-Bullish)
2025-10-27 15:27:23 - alphavantage_crawler - INFO - ✓ 股票 TSLA 抓取完成
2025-10-27 15:27:23 - alphavantage_crawler - INFO - ✓ 配额已更新: 0 → 10
2025-10-27 15:27:23 - alphavantage_crawler - INFO - Alpha Vantage 抓取完成 - 数据: 45, 错误: 0
2025-10-27 15:27:23 - alphavantage_crawler - INFO - 本次使用: 10 次, 今日累计: 0 次
2025-10-27 15:47:50 - alphavantage_crawler - INFO - ✓ Alpha Vantage 爬虫初始化成功，监控股票: AAPL, MSFT, GOOGL...
2025-10-27 15:47:50 - alphavantage_crawler - INFO - ✓ 今日配额检查通过: 剩余 15/25
2025-10-27 15:47:50 - alphavantage_crawler - INFO - 开始抓取 Alpha Vantage 数据...
2025-10-27 15:47:50 - alphavantage_crawler - INFO - 正在抓取股票: AAPL
2025-10-27 15:47:51 - alphavantage_crawler - INFO -   ✓ 报价: $262.8200 (1.2482%)
2025-10-27 15:48:05 - alphavantage_crawler - INFO -   ✓ 新闻: 10 条
2025-10-27 15:48:17 - alphavantage_crawler - INFO - ✓ 股票 AAPL 抓取完成
2025-10-27 15:48:17 - alphavantage_crawler - INFO - 正在抓取股票: MSFT
2025-10-27 15:48:18 - alphavantage_crawler - INFO -   ✓ 报价: $523.6100 (0.5859%)
2025-10-27 15:48:31 - alphavantage_crawler - INFO -   ✓ 新闻: 10 条
2025-10-27 15:48:43 - alphavantage_crawler - INFO - ✓ 股票 MSFT 抓取完成
2025-10-27 15:48:43 - alphavantage_crawler - INFO - 正在抓取股票: GOOGL
2025-10-27 15:48:44 - alphavantage_crawler - INFO -   ✓ 报价: $259.9200 (2.7027%)
2025-10-27 15:48:57 - alphavantage_crawler - WARNING -   ⚠️ GOOGL 未返回新闻数据
2025-10-27 15:49:09 - alphavantage_crawler - INFO - ✓ 股票 GOOGL 抓取完成
2025-10-27 15:49:09 - alphavantage_crawler - INFO - 正在抓取股票: AMZN
2025-10-27 15:49:10 - alphavantage_crawler - INFO -   ✓ 报价: $224.2100 (1.4112%)
2025-10-27 15:49:23 - alphavantage_crawler - INFO -   ✓ 新闻: 10 条
2025-10-27 15:49:36 - alphavantage_crawler - INFO - ✓ 股票 AMZN 抓取完成
2025-10-27 15:49:36 - alphavantage_crawler - INFO - 正在抓取股票: TSLA
2025-10-27 15:49:36 - alphavantage_crawler - INFO -   ✓ 报价: $433.7200 (-3.3988%)
2025-10-27 15:49:49 - alphavantage_crawler - INFO -   ✓ 新闻: 10 条
2025-10-27 15:50:01 - alphavantage_crawler - INFO - ✓ 股票 TSLA 抓取完成
2025-10-27 15:50:01 - alphavantage_crawler - INFO - ✓ 配额已更新: 10 → 20
2025-10-27 15:50:01 - alphavantage_crawler - INFO - Alpha Vantage 抓取完成 - 数据: 45, 错误: 0
2025-10-27 15:50:01 - alphavantage_crawler - INFO - 本次使用: 10 次, 今日累计: 10 次
