2025-10-20 14:41:45 - data_exporter - INFO - 创建导出目录: test_exports
2025-10-20 14:41:45 - data_exporter - INFO - 当前队列长度: 500
2025-10-20 14:41:45 - data_exporter - INFO - 队列长度未超过阈值 (1000)，无需导出
2025-10-20 14:52:50 - data_exporter - INFO - 创建导出目录: test_exports
2025-10-20 14:52:50 - data_exporter - INFO - 当前队列长度: 500
2025-10-20 14:52:50 - data_exporter - INFO - 队列长度未超过阈值 (1000)，无需导出
2025-10-20 14:52:51 - data_exporter - INFO - 当前队列长度: 1500
2025-10-20 14:52:51 - data_exporter - INFO - 需要导出 500 条数据
2025-10-20 14:52:51 - data_exporter - INFO - 已导出 2500 条数据到 test_exports\data_export_20251020_145251.json
2025-10-20 14:52:51 - data_exporter - INFO - 队列已修剪，保留最新 1000 条数据
2025-10-20 14:52:51 - data_exporter - INFO - 来源计数已重建：扫描1000条，示例=[('reddit', 800), ('twitter', 200)]
2025-10-20 14:52:51 - data_exporter - ERROR - 导出数据时出错: 
2025-10-20 14:56:49 - data_exporter - INFO - 创建导出目录: test_exports
2025-10-20 14:56:49 - data_exporter - INFO - 当前队列长度: 500
2025-10-20 14:56:49 - data_exporter - INFO - 队列长度未超过阈值 (1000)，无需导出
2025-10-20 14:56:49 - data_exporter - INFO - 当前队列长度: 1500
2025-10-20 14:56:49 - data_exporter - INFO - 需要导出 500 条数据
2025-10-20 14:56:49 - data_exporter - INFO - 已导出 2500 条数据到 test_exports\data_export_20251020_145649.json
2025-10-20 14:56:49 - data_exporter - INFO - 队列已修剪，保留最新 1000 条数据
2025-10-20 14:56:49 - data_exporter - INFO - 来源计数已重建：扫描1000条，示例=[('reddit', 800), ('twitter', 200)]
2025-10-20 14:56:49 - data_exporter - INFO - 导出完成: test_exports\data_export_20251020_145649.json
2025-10-20 14:56:49 - data_exporter - INFO - 队列长度: 1500 -> 1000
