2025-10-20 15:27:46 - newsapi_crawler - INFO - NewsAPI 爬虫初始化成功
2025-10-20 15:27:49 - newsapi_crawler - INFO - 开始抓取 NewsAPI 数据...
2025-10-20 15:27:49 - newsapi_crawler - INFO - 正在搜索关键词: finance
2025-10-20 15:27:50 - newsapi_crawler - ERROR - 搜索关键词 finance 时出错: {'status': 'error', 'code': 'apiKeyInvalid', 'message': 'Your API key is invalid or incorrect. Check your key, or go to https://newsapi.org to create a free API key.'}
2025-10-20 15:27:50 - newsapi_crawler - INFO - 正在搜索关键词: stocks
2025-10-20 15:27:50 - newsapi_crawler - ERROR - 搜索关键词 stocks 时出错: {'status': 'error', 'code': 'apiKeyInvalid', 'message': 'Your API key is invalid or incorrect. Check your key, or go to https://newsapi.org to create a free API key.'}
2025-10-20 15:27:50 - newsapi_crawler - INFO - 正在搜索关键词: market
2025-10-20 15:27:51 - newsapi_crawler - ERROR - 搜索关键词 market 时出错: {'status': 'error', 'code': 'apiKeyInvalid', 'message': 'Your API key is invalid or incorrect. Check your key, or go to https://newsapi.org to create a free API key.'}
2025-10-20 15:27:51 - newsapi_crawler - INFO - NewsAPI 抓取完成 - 文章: 0, 错误: 3
2025-10-20 15:42:42 - newsapi_crawler - INFO - NewsAPI 爬虫初始化成功
2025-10-20 15:42:44 - newsapi_crawler - INFO - 开始抓取 NewsAPI 数据...
2025-10-20 15:42:44 - newsapi_crawler - INFO - 正在搜索关键词: finance
2025-10-20 15:42:45 - newsapi_crawler - ERROR - 搜索关键词 finance 时出错: {'status': 'error', 'code': 'apiKeyInvalid', 'message': 'Your API key is invalid or incorrect. Check your key, or go to https://newsapi.org to create a free API key.'}
2025-10-20 15:42:45 - newsapi_crawler - INFO - 正在搜索关键词: stocks
2025-10-20 15:42:45 - newsapi_crawler - ERROR - 搜索关键词 stocks 时出错: {'status': 'error', 'code': 'apiKeyInvalid', 'message': 'Your API key is invalid or incorrect. Check your key, or go to https://newsapi.org to create a free API key.'}
2025-10-20 15:42:45 - newsapi_crawler - INFO - 正在搜索关键词: market
2025-10-20 15:42:45 - newsapi_crawler - ERROR - 搜索关键词 market 时出错: {'status': 'error', 'code': 'apiKeyInvalid', 'message': 'Your API key is invalid or incorrect. Check your key, or go to https://newsapi.org to create a free API key.'}
2025-10-20 15:42:45 - newsapi_crawler - INFO - NewsAPI 抓取完成 - 文章: 0, 错误: 3
2025-10-20 15:56:22 - newsapi_crawler - INFO - NewsAPI 爬虫初始化成功
2025-10-20 15:56:28 - newsapi_crawler - INFO - 开始抓取 NewsAPI 数据...
2025-10-20 15:56:28 - newsapi_crawler - INFO - 正在搜索关键词: finance
2025-10-20 15:56:28 - newsapi_crawler - ERROR - 搜索关键词 finance 时出错: {'status': 'error', 'code': 'apiKeyInvalid', 'message': 'Your API key is invalid or incorrect. Check your key, or go to https://newsapi.org to create a free API key.'}
2025-10-20 15:56:28 - newsapi_crawler - INFO - 正在搜索关键词: stocks
2025-10-20 15:56:28 - newsapi_crawler - ERROR - 搜索关键词 stocks 时出错: {'status': 'error', 'code': 'apiKeyInvalid', 'message': 'Your API key is invalid or incorrect. Check your key, or go to https://newsapi.org to create a free API key.'}
2025-10-20 15:56:28 - newsapi_crawler - INFO - 正在搜索关键词: market
2025-10-20 15:56:29 - newsapi_crawler - ERROR - 搜索关键词 market 时出错: {'status': 'error', 'code': 'apiKeyInvalid', 'message': 'Your API key is invalid or incorrect. Check your key, or go to https://newsapi.org to create a free API key.'}
2025-10-20 15:56:29 - newsapi_crawler - INFO - NewsAPI 抓取完成 - 文章: 0, 错误: 3
2025-10-20 16:37:27 - newsapi_crawler - INFO - NewsAPI 爬虫初始化成功
2025-10-20 16:37:31 - newsapi_crawler - INFO - ✓ 每日计数器重置 (上次: None)
2025-10-20 16:37:31 - newsapi_crawler - INFO - ✓ 今日配额检查通过: 剩余 100/100
2025-10-20 16:37:31 - newsapi_crawler - INFO - 开始抓取 NewsAPI 数据...
2025-10-20 16:37:31 - newsapi_crawler - INFO - 正在搜索关键词: finance
2025-10-20 16:37:31 - newsapi_crawler - INFO -   → 尝试抓取 1 小时内新闻
2025-10-20 16:37:31 - newsapi_crawler - INFO -   ✓ 找到 0 篇 (1小时内)
2025-10-20 16:37:31 - newsapi_crawler - INFO -   → 降级抓取 24 小时内新闻
2025-10-20 16:37:32 - newsapi_crawler - INFO -   ✓ 找到 0 篇 (24小时内)
2025-10-20 16:37:32 - newsapi_crawler - INFO - 关键词 finance 共获取 0 篇文章
2025-10-20 16:37:33 - newsapi_crawler - INFO - 正在搜索关键词: stocks
2025-10-20 16:37:33 - newsapi_crawler - INFO -   → 尝试抓取 1 小时内新闻
2025-10-20 16:37:33 - newsapi_crawler - INFO -   ✓ 找到 0 篇 (1小时内)
2025-10-20 16:37:33 - newsapi_crawler - INFO -   → 降级抓取 24 小时内新闻
2025-10-20 16:37:34 - newsapi_crawler - INFO -   ✓ 找到 0 篇 (24小时内)
2025-10-20 16:37:34 - newsapi_crawler - INFO - 关键词 stocks 共获取 0 篇文章
2025-10-20 16:37:35 - newsapi_crawler - INFO - 正在搜索关键词: market
2025-10-20 16:37:35 - newsapi_crawler - INFO -   → 尝试抓取 1 小时内新闻
2025-10-20 16:37:35 - newsapi_crawler - INFO -   ✓ 找到 0 篇 (1小时内)
2025-10-20 16:37:35 - newsapi_crawler - INFO -   → 降级抓取 24 小时内新闻
2025-10-20 16:37:35 - newsapi_crawler - INFO -   ✓ 找到 0 篇 (24小时内)
2025-10-20 16:37:35 - newsapi_crawler - INFO - 关键词 market 共获取 0 篇文章
2025-10-20 16:37:36 - newsapi_crawler - INFO - ✓ 配额已更新: 0 → 6
2025-10-20 16:37:36 - newsapi_crawler - INFO - NewsAPI 抓取完成 - 文章: 0, 错误: 0
2025-10-20 16:37:36 - newsapi_crawler - INFO - 本次使用: 6 次, 今日累计: 6 次
2025-10-20 16:46:57 - newsapi_crawler - INFO - NewsAPI 爬虫初始化成功
2025-10-20 17:00:26 - newsapi_crawler - INFO - ✓ 今日配额检查通过: 剩余 94/100
2025-10-20 17:00:26 - newsapi_crawler - INFO - 开始抓取 NewsAPI 数据...
2025-10-20 17:00:26 - newsapi_crawler - INFO - 正在搜索关键词: AAPL stock
2025-10-20 17:00:26 - newsapi_crawler - INFO -   → 尝试抓取 1 小时内新闻
2025-10-20 17:00:27 - newsapi_crawler - INFO -   ✓ 找到 0 篇 (1小时内)
2025-10-20 17:00:27 - newsapi_crawler - INFO -   → 降级抓取 24 小时内新闻
2025-10-20 17:00:29 - newsapi_crawler - INFO -   ✓ 找到 0 篇 (24小时内)
2025-10-20 17:00:29 - newsapi_crawler - INFO - 关键词 AAPL stock 共获取 0 篇文章
2025-10-20 17:00:30 - newsapi_crawler - INFO - 正在搜索关键词: TSLA stock
2025-10-20 17:00:30 - newsapi_crawler - INFO -   → 尝试抓取 1 小时内新闻
2025-10-20 17:00:31 - newsapi_crawler - INFO -   ✓ 找到 0 篇 (1小时内)
2025-10-20 17:00:31 - newsapi_crawler - INFO -   → 降级抓取 24 小时内新闻
2025-10-20 17:00:31 - newsapi_crawler - INFO -   ✓ 找到 0 篇 (24小时内)
2025-10-20 17:00:31 - newsapi_crawler - INFO - 关键词 TSLA stock 共获取 0 篇文章
2025-10-20 17:00:32 - newsapi_crawler - INFO - 正在搜索关键词: NVDA stock
2025-10-20 17:00:32 - newsapi_crawler - INFO -   → 尝试抓取 1 小时内新闻
2025-10-20 17:00:33 - newsapi_crawler - INFO -   ✓ 找到 0 篇 (1小时内)
2025-10-20 17:00:33 - newsapi_crawler - INFO -   → 降级抓取 24 小时内新闻
2025-10-20 17:00:33 - newsapi_crawler - INFO -   ✓ 找到 0 篇 (24小时内)
2025-10-20 17:00:33 - newsapi_crawler - INFO - 关键词 NVDA stock 共获取 0 篇文章
2025-10-20 17:00:34 - newsapi_crawler - INFO - 正在搜索关键词: MSFT stock
2025-10-20 17:00:34 - newsapi_crawler - INFO -   → 尝试抓取 1 小时内新闻
2025-10-20 17:00:35 - newsapi_crawler - INFO -   ✓ 找到 0 篇 (1小时内)
2025-10-20 17:00:35 - newsapi_crawler - INFO -   → 降级抓取 24 小时内新闻
2025-10-20 17:00:35 - newsapi_crawler - INFO -   ✓ 找到 0 篇 (24小时内)
2025-10-20 17:00:35 - newsapi_crawler - INFO - 关键词 MSFT stock 共获取 0 篇文章
2025-10-20 17:00:36 - newsapi_crawler - INFO - 正在搜索关键词: AMZN stock
2025-10-20 17:00:36 - newsapi_crawler - INFO -   → 尝试抓取 1 小时内新闻
2025-10-20 17:00:37 - newsapi_crawler - INFO -   ✓ 找到 0 篇 (1小时内)
2025-10-20 17:00:37 - newsapi_crawler - INFO -   → 降级抓取 24 小时内新闻
2025-10-20 17:00:37 - newsapi_crawler - INFO -   ✓ 找到 0 篇 (24小时内)
2025-10-20 17:00:37 - newsapi_crawler - INFO - 关键词 AMZN stock 共获取 0 篇文章
2025-10-20 17:00:38 - newsapi_crawler - INFO - 正在搜索关键词: GOOGL stock
2025-10-20 17:00:38 - newsapi_crawler - INFO -   → 尝试抓取 1 小时内新闻
2025-10-20 17:00:39 - newsapi_crawler - INFO -   ✓ 找到 0 篇 (1小时内)
2025-10-20 17:00:39 - newsapi_crawler - INFO -   → 降级抓取 24 小时内新闻
2025-10-20 17:00:39 - newsapi_crawler - INFO -   ✓ 找到 0 篇 (24小时内)
2025-10-20 17:00:39 - newsapi_crawler - INFO - 关键词 GOOGL stock 共获取 0 篇文章
2025-10-20 17:00:40 - newsapi_crawler - INFO - 正在搜索关键词: META stock
2025-10-20 17:00:40 - newsapi_crawler - INFO -   → 尝试抓取 1 小时内新闻
2025-10-20 17:00:40 - newsapi_crawler - INFO -   ✓ 找到 0 篇 (1小时内)
2025-10-20 17:00:40 - newsapi_crawler - INFO -   → 降级抓取 24 小时内新闻
2025-10-20 17:00:41 - newsapi_crawler - INFO -   ✓ 找到 0 篇 (24小时内)
2025-10-20 17:00:41 - newsapi_crawler - INFO - 关键词 META stock 共获取 0 篇文章
2025-10-20 17:00:42 - newsapi_crawler - INFO - 正在搜索关键词: Federal Reserve
2025-10-20 17:00:42 - newsapi_crawler - INFO -   → 尝试抓取 1 小时内新闻
2025-10-20 17:00:42 - newsapi_crawler - INFO -   ✓ 找到 0 篇 (1小时内)
2025-10-20 17:00:42 - newsapi_crawler - INFO -   → 降级抓取 24 小时内新闻
2025-10-20 17:00:43 - newsapi_crawler - INFO -   ✓ 找到 0 篇 (24小时内)
2025-10-20 17:00:43 - newsapi_crawler - INFO - 关键词 Federal Reserve 共获取 0 篇文章
2025-10-20 17:00:44 - newsapi_crawler - INFO - 正在搜索关键词: interest rates
2025-10-20 17:00:44 - newsapi_crawler - INFO -   → 尝试抓取 1 小时内新闻
2025-10-20 17:00:44 - newsapi_crawler - INFO -   ✓ 找到 0 篇 (1小时内)
2025-10-20 17:00:44 - newsapi_crawler - INFO -   → 降级抓取 24 小时内新闻
2025-10-20 17:00:45 - newsapi_crawler - INFO -   ✓ 找到 0 篇 (24小时内)
2025-10-20 17:00:45 - newsapi_crawler - INFO - 关键词 interest rates 共获取 0 篇文章
2025-10-20 17:00:46 - newsapi_crawler - INFO - 正在搜索关键词: inflation
2025-10-20 17:00:46 - newsapi_crawler - INFO -   → 尝试抓取 1 小时内新闻
2025-10-20 17:00:46 - newsapi_crawler - INFO -   ✓ 找到 0 篇 (1小时内)
2025-10-20 17:00:46 - newsapi_crawler - INFO -   → 降级抓取 24 小时内新闻
2025-10-20 17:00:46 - newsapi_crawler - INFO -   ✓ 找到 0 篇 (24小时内)
2025-10-20 17:00:46 - newsapi_crawler - INFO - 关键词 inflation 共获取 0 篇文章
2025-10-20 17:00:47 - newsapi_crawler - INFO - ✓ 配额已更新: 6 → 26
2025-10-20 17:00:47 - newsapi_crawler - INFO - NewsAPI 抓取完成 - 文章: 0, 错误: 0
2025-10-20 17:00:47 - newsapi_crawler - INFO - 本次使用: 20 次, 今日累计: 26 次
2025-10-20 17:38:04 - newsapi_crawler - INFO - NewsAPI 爬虫初始化成功
2025-10-20 17:43:46 - newsapi_crawler - INFO - NewsAPI 爬虫初始化成功
