2025-10-24 18:04:58 - newsapi_crawler - INFO - NewsAPI 爬虫初始化成功
2025-10-24 18:04:59 - newsapi_crawler - INFO - ✓ 每日计数器重置 (上次: 2025-10-20)
2025-10-24 18:04:59 - newsapi_crawler - INFO - ✓ 今日配额检查通过: 剩余 74/100
2025-10-24 18:04:59 - newsapi_crawler - INFO - 开始抓取 NewsAPI 数据...
2025-10-24 18:04:59 - newsapi_crawler - INFO - 正在搜索关键词: AAPL stock
2025-10-24 18:04:59 - newsapi_crawler - INFO -   → 尝试抓取 1 小时内新闻
2025-10-24 18:05:00 - newsapi_crawler - INFO -   ✓ 找到 0 篇 (1小时内)
2025-10-24 18:05:00 - newsapi_crawler - INFO -   → 降级抓取 24 小时内新闻
2025-10-24 18:05:01 - newsapi_crawler - INFO -   ✓ 找到 0 篇 (24小时内)
2025-10-24 18:05:01 - newsapi_crawler - INFO - ✓ 关键词 'AAPL stock' 抓取完成 - 获取: 0 篇, 保存: 0 篇
2025-10-24 18:05:02 - newsapi_crawler - INFO - 正在搜索关键词: TSLA stock
2025-10-24 18:05:02 - newsapi_crawler - INFO -   → 尝试抓取 1 小时内新闻
2025-10-24 18:05:02 - newsapi_crawler - INFO -   ✓ 找到 0 篇 (1小时内)
2025-10-24 18:05:02 - newsapi_crawler - INFO -   → 降级抓取 24 小时内新闻
2025-10-24 18:05:03 - newsapi_crawler - INFO -   ✓ 找到 0 篇 (24小时内)
2025-10-24 18:05:03 - newsapi_crawler - INFO - ✓ 关键词 'TSLA stock' 抓取完成 - 获取: 0 篇, 保存: 0 篇
2025-10-24 18:05:04 - newsapi_crawler - INFO - 正在搜索关键词: NVDA stock
2025-10-24 18:05:04 - newsapi_crawler - INFO -   → 尝试抓取 1 小时内新闻
2025-10-24 18:05:05 - newsapi_crawler - INFO -   ✓ 找到 0 篇 (1小时内)
2025-10-24 18:05:05 - newsapi_crawler - INFO -   → 降级抓取 24 小时内新闻
2025-10-24 18:05:05 - newsapi_crawler - INFO -   ✓ 找到 0 篇 (24小时内)
2025-10-24 18:05:05 - newsapi_crawler - INFO - ✓ 关键词 'NVDA stock' 抓取完成 - 获取: 0 篇, 保存: 0 篇
2025-10-24 18:05:06 - newsapi_crawler - INFO - 正在搜索关键词: MSFT stock
2025-10-24 18:05:06 - newsapi_crawler - INFO -   → 尝试抓取 1 小时内新闻
2025-10-24 18:05:07 - newsapi_crawler - INFO -   ✓ 找到 0 篇 (1小时内)
2025-10-24 18:05:07 - newsapi_crawler - INFO -   → 降级抓取 24 小时内新闻
2025-10-24 18:05:08 - newsapi_crawler - INFO -   ✓ 找到 0 篇 (24小时内)
2025-10-24 18:05:08 - newsapi_crawler - INFO - ✓ 关键词 'MSFT stock' 抓取完成 - 获取: 0 篇, 保存: 0 篇
2025-10-24 18:05:09 - newsapi_crawler - INFO - 正在搜索关键词: AMZN stock
2025-10-24 18:05:09 - newsapi_crawler - INFO -   → 尝试抓取 1 小时内新闻
2025-10-24 18:05:09 - newsapi_crawler - INFO -   ✓ 找到 0 篇 (1小时内)
2025-10-24 18:05:09 - newsapi_crawler - INFO -   → 降级抓取 24 小时内新闻
2025-10-24 18:05:10 - newsapi_crawler - INFO -   ✓ 找到 0 篇 (24小时内)
2025-10-24 18:05:10 - newsapi_crawler - INFO - ✓ 关键词 'AMZN stock' 抓取完成 - 获取: 0 篇, 保存: 0 篇
2025-10-24 18:05:11 - newsapi_crawler - INFO - 正在搜索关键词: GOOGL stock
2025-10-24 18:05:11 - newsapi_crawler - INFO -   → 尝试抓取 1 小时内新闻
2025-10-24 18:05:12 - newsapi_crawler - INFO -   ✓ 找到 0 篇 (1小时内)
2025-10-24 18:05:12 - newsapi_crawler - INFO -   → 降级抓取 24 小时内新闻
2025-10-24 18:05:12 - newsapi_crawler - INFO -   ✓ 找到 0 篇 (24小时内)
2025-10-24 18:05:12 - newsapi_crawler - INFO - ✓ 关键词 'GOOGL stock' 抓取完成 - 获取: 0 篇, 保存: 0 篇
2025-10-24 18:05:13 - newsapi_crawler - INFO - 正在搜索关键词: META stock
2025-10-24 18:05:13 - newsapi_crawler - INFO -   → 尝试抓取 1 小时内新闻
2025-10-24 18:05:14 - newsapi_crawler - INFO -   ✓ 找到 0 篇 (1小时内)
2025-10-24 18:05:14 - newsapi_crawler - INFO -   → 降级抓取 24 小时内新闻
2025-10-24 18:05:15 - newsapi_crawler - INFO -   ✓ 找到 0 篇 (24小时内)
2025-10-24 18:05:15 - newsapi_crawler - INFO - ✓ 关键词 'META stock' 抓取完成 - 获取: 0 篇, 保存: 0 篇
2025-10-24 18:05:16 - newsapi_crawler - INFO - 正在搜索关键词: Federal Reserve
2025-10-24 18:05:16 - newsapi_crawler - INFO -   → 尝试抓取 1 小时内新闻
2025-10-24 18:05:16 - newsapi_crawler - INFO -   ✓ 找到 0 篇 (1小时内)
2025-10-24 18:05:16 - newsapi_crawler - INFO -   → 降级抓取 24 小时内新闻
2025-10-24 18:05:17 - newsapi_crawler - INFO -   ✓ 找到 0 篇 (24小时内)
2025-10-24 18:05:17 - newsapi_crawler - INFO - ✓ 关键词 'Federal Reserve' 抓取完成 - 获取: 0 篇, 保存: 0 篇
2025-10-24 18:05:18 - newsapi_crawler - INFO - 正在搜索关键词: interest rates
2025-10-24 18:05:18 - newsapi_crawler - INFO -   → 尝试抓取 1 小时内新闻
2025-10-24 18:05:19 - newsapi_crawler - INFO -   ✓ 找到 0 篇 (1小时内)
2025-10-24 18:05:19 - newsapi_crawler - INFO -   → 降级抓取 24 小时内新闻
2025-10-24 18:05:19 - newsapi_crawler - INFO -   ✓ 找到 0 篇 (24小时内)
2025-10-24 18:05:19 - newsapi_crawler - INFO - ✓ 关键词 'interest rates' 抓取完成 - 获取: 0 篇, 保存: 0 篇
2025-10-24 18:05:20 - newsapi_crawler - INFO - 正在搜索关键词: inflation
2025-10-24 18:05:20 - newsapi_crawler - INFO -   → 尝试抓取 1 小时内新闻
2025-10-24 18:05:21 - newsapi_crawler - INFO -   ✓ 找到 0 篇 (1小时内)
2025-10-24 18:05:21 - newsapi_crawler - INFO -   → 降级抓取 24 小时内新闻
2025-10-24 18:05:22 - newsapi_crawler - INFO -   ✓ 找到 0 篇 (24小时内)
2025-10-24 18:05:22 - newsapi_crawler - INFO - ✓ 关键词 'inflation' 抓取完成 - 获取: 0 篇, 保存: 0 篇
2025-10-24 18:05:23 - newsapi_crawler - INFO - ✓ 配额已更新: 0 → 20
2025-10-24 18:05:23 - newsapi_crawler - INFO - NewsAPI 抓取完成 - 文章: 0, 错误: 0
2025-10-24 18:05:23 - newsapi_crawler - INFO - 本次使用: 20 次, 今日累计: 20 次
2025-10-24 19:10:28 - newsapi_crawler - INFO - NewsAPI 爬虫初始化成功
2025-10-24 19:10:28 - newsapi_crawler - INFO - ✓ 今日配额检查通过: 剩余 80/100
2025-10-24 19:10:28 - newsapi_crawler - INFO - 开始抓取 NewsAPI 数据...
2025-10-24 19:10:28 - newsapi_crawler - INFO - 正在搜索关键词: AAPL stock
2025-10-24 19:10:28 - newsapi_crawler - INFO -   → 尝试抓取 1 小时内新闻
2025-10-24 19:10:29 - newsapi_crawler - INFO -   ✓ 找到 0 篇 (1小时内)
2025-10-24 19:10:29 - newsapi_crawler - INFO -   → 降级抓取 24 小时内新闻
2025-10-24 19:10:29 - newsapi_crawler - INFO -   ✓ 找到 0 篇 (24小时内)
2025-10-24 19:10:29 - newsapi_crawler - INFO - ✓ 关键词 'AAPL stock' 抓取完成 - 获取: 0 篇, 保存: 0 篇
2025-10-24 19:10:30 - newsapi_crawler - INFO - 正在搜索关键词: TSLA stock
2025-10-24 19:10:30 - newsapi_crawler - INFO -   → 尝试抓取 1 小时内新闻
2025-10-24 19:10:31 - newsapi_crawler - INFO -   ✓ 找到 0 篇 (1小时内)
2025-10-24 19:10:31 - newsapi_crawler - INFO -   → 降级抓取 24 小时内新闻
2025-10-24 19:10:32 - newsapi_crawler - INFO -   ✓ 找到 0 篇 (24小时内)
2025-10-24 19:10:32 - newsapi_crawler - INFO - ✓ 关键词 'TSLA stock' 抓取完成 - 获取: 0 篇, 保存: 0 篇
2025-10-24 19:10:33 - newsapi_crawler - INFO - 正在搜索关键词: NVDA stock
2025-10-24 19:10:33 - newsapi_crawler - INFO -   → 尝试抓取 1 小时内新闻
2025-10-24 19:10:34 - newsapi_crawler - INFO -   ✓ 找到 0 篇 (1小时内)
2025-10-24 19:10:34 - newsapi_crawler - INFO -   → 降级抓取 24 小时内新闻
2025-10-24 19:10:34 - newsapi_crawler - INFO -   ✓ 找到 0 篇 (24小时内)
2025-10-24 19:10:34 - newsapi_crawler - INFO - ✓ 关键词 'NVDA stock' 抓取完成 - 获取: 0 篇, 保存: 0 篇
2025-10-24 19:10:35 - newsapi_crawler - INFO - 正在搜索关键词: MSFT stock
2025-10-24 19:10:35 - newsapi_crawler - INFO -   → 尝试抓取 1 小时内新闻
2025-10-24 19:10:36 - newsapi_crawler - INFO -   ✓ 找到 0 篇 (1小时内)
2025-10-24 19:10:36 - newsapi_crawler - INFO -   → 降级抓取 24 小时内新闻
2025-10-24 19:10:37 - newsapi_crawler - INFO -   ✓ 找到 0 篇 (24小时内)
2025-10-24 19:10:37 - newsapi_crawler - INFO - ✓ 关键词 'MSFT stock' 抓取完成 - 获取: 0 篇, 保存: 0 篇
2025-10-24 19:10:38 - newsapi_crawler - INFO - 正在搜索关键词: AMZN stock
2025-10-24 19:10:38 - newsapi_crawler - INFO -   → 尝试抓取 1 小时内新闻
2025-10-24 19:10:38 - newsapi_crawler - INFO -   ✓ 找到 0 篇 (1小时内)
2025-10-24 19:10:38 - newsapi_crawler - INFO -   → 降级抓取 24 小时内新闻
2025-10-24 19:10:39 - newsapi_crawler - INFO -   ✓ 找到 0 篇 (24小时内)
2025-10-24 19:10:39 - newsapi_crawler - INFO - ✓ 关键词 'AMZN stock' 抓取完成 - 获取: 0 篇, 保存: 0 篇
2025-10-24 19:10:40 - newsapi_crawler - INFO - 正在搜索关键词: GOOGL stock
2025-10-24 19:10:40 - newsapi_crawler - INFO -   → 尝试抓取 1 小时内新闻
2025-10-24 19:10:41 - newsapi_crawler - INFO -   ✓ 找到 0 篇 (1小时内)
2025-10-24 19:10:41 - newsapi_crawler - INFO -   → 降级抓取 24 小时内新闻
2025-10-24 19:10:41 - newsapi_crawler - INFO -   ✓ 找到 0 篇 (24小时内)
2025-10-24 19:10:41 - newsapi_crawler - INFO - ✓ 关键词 'GOOGL stock' 抓取完成 - 获取: 0 篇, 保存: 0 篇
2025-10-24 19:10:42 - newsapi_crawler - INFO - 正在搜索关键词: META stock
2025-10-24 19:10:42 - newsapi_crawler - INFO -   → 尝试抓取 1 小时内新闻
2025-10-24 19:10:43 - newsapi_crawler - INFO -   ✓ 找到 0 篇 (1小时内)
2025-10-24 19:10:43 - newsapi_crawler - INFO -   → 降级抓取 24 小时内新闻
2025-10-24 19:10:44 - newsapi_crawler - INFO -   ✓ 找到 0 篇 (24小时内)
2025-10-24 19:10:44 - newsapi_crawler - INFO - ✓ 关键词 'META stock' 抓取完成 - 获取: 0 篇, 保存: 0 篇
2025-10-24 19:10:45 - newsapi_crawler - INFO - 正在搜索关键词: Federal Reserve
2025-10-24 19:10:45 - newsapi_crawler - INFO -   → 尝试抓取 1 小时内新闻
2025-10-24 19:10:45 - newsapi_crawler - INFO -   ✓ 找到 0 篇 (1小时内)
2025-10-24 19:10:45 - newsapi_crawler - INFO -   → 降级抓取 24 小时内新闻
2025-10-24 19:10:46 - newsapi_crawler - INFO -   ✓ 找到 0 篇 (24小时内)
2025-10-24 19:10:46 - newsapi_crawler - INFO - ✓ 关键词 'Federal Reserve' 抓取完成 - 获取: 0 篇, 保存: 0 篇
2025-10-24 19:10:47 - newsapi_crawler - INFO - 正在搜索关键词: interest rates
2025-10-24 19:10:47 - newsapi_crawler - INFO -   → 尝试抓取 1 小时内新闻
2025-10-24 19:10:48 - newsapi_crawler - INFO -   ✓ 找到 0 篇 (1小时内)
2025-10-24 19:10:48 - newsapi_crawler - INFO -   → 降级抓取 24 小时内新闻
2025-10-24 19:10:49 - newsapi_crawler - INFO -   ✓ 找到 0 篇 (24小时内)
2025-10-24 19:10:49 - newsapi_crawler - INFO - ✓ 关键词 'interest rates' 抓取完成 - 获取: 0 篇, 保存: 0 篇
2025-10-24 19:10:50 - newsapi_crawler - INFO - 正在搜索关键词: inflation
2025-10-24 19:10:50 - newsapi_crawler - INFO -   → 尝试抓取 1 小时内新闻
2025-10-24 19:10:50 - newsapi_crawler - INFO -   ✓ 找到 0 篇 (1小时内)
2025-10-24 19:10:50 - newsapi_crawler - INFO -   → 降级抓取 24 小时内新闻
2025-10-24 19:10:51 - newsapi_crawler - INFO -   ✓ 找到 0 篇 (24小时内)
2025-10-24 19:10:51 - newsapi_crawler - INFO - ✓ 关键词 'inflation' 抓取完成 - 获取: 0 篇, 保存: 0 篇
2025-10-24 19:10:52 - newsapi_crawler - INFO - ✓ 配额已更新: 20 → 40
2025-10-24 19:10:52 - newsapi_crawler - INFO - NewsAPI 抓取完成 - 文章: 0, 错误: 0
2025-10-24 19:10:52 - newsapi_crawler - INFO - 本次使用: 20 次, 今日累计: 40 次
2025-10-24 20:53:42 - newsapi_crawler - INFO - NewsAPI 爬虫初始化成功
2025-10-24 20:53:42 - newsapi_crawler - INFO - ✓ 今日配额检查通过: 剩余 60/100
2025-10-24 20:53:42 - newsapi_crawler - INFO - 开始抓取 NewsAPI 数据...
2025-10-24 20:53:42 - newsapi_crawler - INFO - 正在搜索关键词: Apple
2025-10-24 20:53:42 - newsapi_crawler - INFO -   → 尝试抓取 1 小时内新闻
2025-10-24 20:53:43 - newsapi_crawler - INFO -   ✓ 找到 0 篇 (1小时内)
2025-10-24 20:53:43 - newsapi_crawler - INFO -   → 降级抓取 24 小时内新闻
2025-10-24 20:53:44 - newsapi_crawler - INFO -   ✓ 找到 0 篇 (24小时内)
2025-10-24 20:53:44 - newsapi_crawler - INFO - ✓ 关键词 'Apple' 抓取完成 - 获取: 0 篇, 保存: 0 篇
2025-10-24 20:53:45 - newsapi_crawler - INFO - 正在搜索关键词: TSLA
2025-10-24 20:53:45 - newsapi_crawler - INFO -   → 尝试抓取 1 小时内新闻
2025-10-24 20:53:46 - newsapi_crawler - INFO -   ✓ 找到 0 篇 (1小时内)
2025-10-24 20:53:46 - newsapi_crawler - INFO -   → 降级抓取 24 小时内新闻
2025-10-24 20:53:46 - newsapi_crawler - INFO -   ✓ 找到 0 篇 (24小时内)
2025-10-24 20:53:46 - newsapi_crawler - INFO - ✓ 关键词 'TSLA' 抓取完成 - 获取: 0 篇, 保存: 0 篇
2025-10-24 20:53:47 - newsapi_crawler - INFO - 正在搜索关键词: Nvidia
2025-10-24 20:53:47 - newsapi_crawler - INFO -   → 尝试抓取 1 小时内新闻
2025-10-24 20:53:48 - newsapi_crawler - INFO -   ✓ 找到 0 篇 (1小时内)
2025-10-24 20:53:48 - newsapi_crawler - INFO -   → 降级抓取 24 小时内新闻
2025-10-24 20:53:49 - newsapi_crawler - INFO -   ✓ 找到 0 篇 (24小时内)
2025-10-24 20:53:49 - newsapi_crawler - INFO - ✓ 关键词 'Nvidia' 抓取完成 - 获取: 0 篇, 保存: 0 篇
2025-10-24 20:53:50 - newsapi_crawler - INFO - 正在搜索关键词: Dow Jones
2025-10-24 20:53:50 - newsapi_crawler - INFO -   → 尝试抓取 1 小时内新闻
2025-10-24 20:53:50 - newsapi_crawler - INFO -   ✓ 找到 0 篇 (1小时内)
2025-10-24 20:53:50 - newsapi_crawler - INFO -   → 降级抓取 24 小时内新闻
2025-10-24 20:53:51 - newsapi_crawler - INFO -   ✓ 找到 0 篇 (24小时内)
2025-10-24 20:53:51 - newsapi_crawler - INFO - ✓ 关键词 'Dow Jones' 抓取完成 - 获取: 0 篇, 保存: 0 篇
2025-10-24 20:53:52 - newsapi_crawler - INFO - 正在搜索关键词: Nasdaq
2025-10-24 20:53:52 - newsapi_crawler - INFO -   → 尝试抓取 1 小时内新闻
2025-10-24 20:53:53 - newsapi_crawler - INFO -   ✓ 找到 0 篇 (1小时内)
2025-10-24 20:53:53 - newsapi_crawler - INFO -   → 降级抓取 24 小时内新闻
2025-10-24 20:53:53 - newsapi_crawler - INFO -   ✓ 找到 0 篇 (24小时内)
2025-10-24 20:53:53 - newsapi_crawler - INFO - ✓ 关键词 'Nasdaq' 抓取完成 - 获取: 0 篇, 保存: 0 篇
2025-10-24 20:53:54 - newsapi_crawler - INFO - 正在搜索关键词: stock
2025-10-24 20:53:54 - newsapi_crawler - INFO -   → 尝试抓取 1 小时内新闻
2025-10-24 20:53:55 - newsapi_crawler - INFO -   ✓ 找到 0 篇 (1小时内)
2025-10-24 20:53:55 - newsapi_crawler - INFO -   → 降级抓取 24 小时内新闻
2025-10-24 20:53:56 - newsapi_crawler - INFO -   ✓ 找到 0 篇 (24小时内)
2025-10-24 20:53:56 - newsapi_crawler - INFO - ✓ 关键词 'stock' 抓取完成 - 获取: 0 篇, 保存: 0 篇
2025-10-24 20:53:57 - newsapi_crawler - INFO - 正在搜索关键词: GOOGLE
2025-10-24 20:53:57 - newsapi_crawler - INFO -   → 尝试抓取 1 小时内新闻
2025-10-24 20:53:57 - newsapi_crawler - INFO -   ✓ 找到 0 篇 (1小时内)
2025-10-24 20:53:57 - newsapi_crawler - INFO -   → 降级抓取 24 小时内新闻
2025-10-24 20:53:58 - newsapi_crawler - INFO -   ✓ 找到 0 篇 (24小时内)
2025-10-24 20:53:58 - newsapi_crawler - INFO - ✓ 关键词 'GOOGLE' 抓取完成 - 获取: 0 篇, 保存: 0 篇
2025-10-24 20:53:59 - newsapi_crawler - INFO - 正在搜索关键词: META
2025-10-24 20:53:59 - newsapi_crawler - INFO -   → 尝试抓取 1 小时内新闻
2025-10-24 20:54:00 - newsapi_crawler - INFO -   ✓ 找到 0 篇 (1小时内)
2025-10-24 20:54:00 - newsapi_crawler - INFO -   → 降级抓取 24 小时内新闻
2025-10-24 20:54:00 - newsapi_crawler - INFO -   ✓ 找到 0 篇 (24小时内)
2025-10-24 20:54:00 - newsapi_crawler - INFO - ✓ 关键词 'META' 抓取完成 - 获取: 0 篇, 保存: 0 篇
2025-10-24 20:54:01 - newsapi_crawler - INFO - 正在搜索关键词: Federal Reserve
2025-10-24 20:54:01 - newsapi_crawler - INFO -   → 尝试抓取 1 小时内新闻
2025-10-24 20:54:02 - newsapi_crawler - INFO -   ✓ 找到 0 篇 (1小时内)
2025-10-24 20:54:02 - newsapi_crawler - INFO -   → 降级抓取 24 小时内新闻
2025-10-24 20:54:03 - newsapi_crawler - INFO -   ✓ 找到 0 篇 (24小时内)
2025-10-24 20:54:03 - newsapi_crawler - INFO - ✓ 关键词 'Federal Reserve' 抓取完成 - 获取: 0 篇, 保存: 0 篇
2025-10-24 20:54:04 - newsapi_crawler - INFO - 正在搜索关键词: interest rates
2025-10-24 20:54:04 - newsapi_crawler - INFO -   → 尝试抓取 1 小时内新闻
2025-10-24 20:54:05 - newsapi_crawler - INFO -   ✓ 找到 0 篇 (1小时内)
2025-10-24 20:54:05 - newsapi_crawler - INFO -   → 降级抓取 24 小时内新闻
2025-10-24 20:54:05 - newsapi_crawler - INFO -   ✓ 找到 0 篇 (24小时内)
2025-10-24 20:54:05 - newsapi_crawler - INFO - ✓ 关键词 'interest rates' 抓取完成 - 获取: 0 篇, 保存: 0 篇
2025-10-24 20:54:06 - newsapi_crawler - INFO - ✓ 配额已更新: 40 → 60
2025-10-24 20:54:06 - newsapi_crawler - INFO - NewsAPI 抓取完成 - 文章: 0, 错误: 0
2025-10-24 20:54:06 - newsapi_crawler - INFO - 本次使用: 20 次, 今日累计: 60 次
