2025-10-27 15:12:52 - newsapi_crawler - INFO - NewsAPI 爬虫初始化成功
2025-10-27 15:12:52 - newsapi_crawler - INFO - ✓ 每日计数器重置 (上次: 2025-10-26)
2025-10-27 15:12:52 - newsapi_crawler - INFO - ✓ 今日配额检查通过: 剩余 95/100
2025-10-27 15:12:52 - newsapi_crawler - INFO - 开始抓取 NewsAPI 数据...
2025-10-27 15:12:52 - newsapi_crawler - INFO - 正在搜索关键词: "Apple Inc" AND (iPhone OR earnings OR stock)
2025-10-27 15:12:54 - newsapi_crawler - INFO -   ✓ 找到 0 篇文章（总共 0 篇可用）
2025-10-27 15:12:54 - newsapi_crawler - INFO - ✓ 关键词 '"Apple Inc" AND (iPhone OR earnings OR stock)' 抓取完成 - 获取: 0 篇, 保存: 0 篇
2025-10-27 15:12:55 - newsapi_crawler - INFO - 正在搜索关键词: "Tesla" AND (electric vehicle OR Elon Musk OR stock)
2025-10-27 15:12:55 - newsapi_crawler - INFO -   ✓ 找到 1 篇文章（总共 1 篇可用）
2025-10-27 15:12:55 - newsapi_crawler - INFO - ✓ 关键词 '"Tesla" AND (electric vehicle OR Elon Musk OR stock)' 抓取完成 - 获取: 1 篇, 保存: 1 篇
2025-10-27 15:12:56 - newsapi_crawler - INFO - 正在搜索关键词: "Nvidia" AND (AI OR chip OR semiconductor)
2025-10-27 15:12:57 - newsapi_crawler - INFO -   ✓ 找到 2 篇文章（总共 3 篇可用）
2025-10-27 15:12:57 - newsapi_crawler - INFO - ✓ 关键词 '"Nvidia" AND (AI OR chip OR semiconductor)' 抓取完成 - 获取: 2 篇, 保存: 2 篇
2025-10-27 15:12:58 - newsapi_crawler - INFO - 正在搜索关键词: "Google" AND (Alphabet OR earnings OR stock)
2025-10-27 15:12:59 - newsapi_crawler - INFO -   ✓ 找到 3 篇文章（总共 3 篇可用）
2025-10-27 15:12:59 - newsapi_crawler - INFO - ✓ 关键词 '"Google" AND (Alphabet OR earnings OR stock)' 抓取完成 - 获取: 3 篇, 保存: 3 篇
2025-10-27 15:13:00 - newsapi_crawler - INFO - 正在搜索关键词: "Meta" AND (Facebook OR earnings OR stock)
2025-10-27 15:13:01 - newsapi_crawler - INFO -   ✓ 找到 8 篇文章（总共 9 篇可用）
2025-10-27 15:13:01 - newsapi_crawler - INFO - ✓ 关键词 '"Meta" AND (Facebook OR earnings OR stock)' 抓取完成 - 获取: 8 篇, 保存: 8 篇
2025-10-27 15:13:02 - newsapi_crawler - INFO - ✓ 配额已更新: 0 → 5
2025-10-27 15:13:02 - newsapi_crawler - INFO - NewsAPI 抓取完成 - 文章: 14, 错误: 0
2025-10-27 15:13:02 - newsapi_crawler - INFO - 本次使用: 5 次, 今日累计: 5 次
