2025-10-20 15:27:46 - reddit_crawler - INFO - Reddit API 初始化成功
2025-10-20 15:27:49 - reddit_crawler - INFO - 开始抓取 Reddit 数据...
2025-10-20 15:27:49 - reddit_crawler - INFO - 正在抓取子版块: r/investing
2025-10-20 15:42:42 - reddit_crawler - INFO - Reddit API 初始化成功
2025-10-20 15:42:44 - reddit_crawler - INFO - 开始抓取 Reddit 数据...
2025-10-20 15:42:44 - reddit_crawler - INFO - 正在抓取子版块: r/investing
2025-10-20 15:56:22 - reddit_crawler - INFO - Reddit API 初始化成功
2025-10-20 15:56:23 - reddit_crawler - INFO - 开始抓取 Reddit 数据...
2025-10-20 15:56:23 - reddit_crawler - INFO - 正在抓取子版块: r/investing
2025-10-20 15:56:24 - reddit_crawler - ERROR - Reddit API 响应错误 (401): received 401 HTTP response
2025-10-20 15:56:24 - reddit_crawler - INFO - 正在抓取子版块: r/finance
2025-10-20 15:56:24 - reddit_crawler - ERROR - Reddit API 响应错误 (401): received 401 HTTP response
2025-10-20 15:56:24 - reddit_crawler - INFO - 正在抓取子版块: r/stocks
2025-10-20 15:56:25 - reddit_crawler - ERROR - Reddit API 响应错误 (401): received 401 HTTP response
2025-10-20 15:56:25 - reddit_crawler - INFO - 正在抓取子版块: r/wallstreetbets
2025-10-20 15:56:27 - reddit_crawler - ERROR - Reddit API 响应错误 (401): received 401 HTTP response
2025-10-20 15:56:27 - reddit_crawler - INFO - 正在抓取子版块: r/StockMarket
2025-10-20 15:56:28 - reddit_crawler - ERROR - Reddit API 响应错误 (401): received 401 HTTP response
2025-10-20 15:56:28 - reddit_crawler - INFO - Reddit 抓取完成 - 帖子: 0, 评论: 0, 错误: 5
2025-10-20 16:37:27 - reddit_crawler - INFO - Reddit API 初始化成功
2025-10-20 16:37:27 - reddit_crawler - INFO - 开始抓取 Reddit 数据...
2025-10-20 16:37:27 - reddit_crawler - INFO - 正在抓取子版块: r/investing
2025-10-20 16:37:28 - reddit_crawler - ERROR - Reddit API 响应错误 (401): received 401 HTTP response
2025-10-20 16:37:28 - reddit_crawler - INFO - 正在抓取子版块: r/finance
2025-10-20 16:37:28 - reddit_crawler - ERROR - Reddit API 响应错误 (401): received 401 HTTP response
2025-10-20 16:37:28 - reddit_crawler - INFO - 正在抓取子版块: r/stocks
2025-10-20 16:37:29 - reddit_crawler - ERROR - Reddit API 响应错误 (401): received 401 HTTP response
2025-10-20 16:37:29 - reddit_crawler - INFO - 正在抓取子版块: r/wallstreetbets
2025-10-20 16:37:30 - reddit_crawler - ERROR - Reddit API 响应错误 (401): received 401 HTTP response
2025-10-20 16:37:30 - reddit_crawler - INFO - 正在抓取子版块: r/StockMarket
2025-10-20 16:37:31 - reddit_crawler - ERROR - Reddit API 响应错误 (401): received 401 HTTP response
2025-10-20 16:37:31 - reddit_crawler - INFO - Reddit 抓取完成 - 帖子: 0, 评论: 0, 错误: 5
2025-10-20 16:46:57 - reddit_crawler - INFO - Reddit API 初始化成功
2025-10-20 16:46:57 - reddit_crawler - INFO - 开始抓取 Reddit 数据...
2025-10-20 16:46:57 - reddit_crawler - INFO - 正在抓取子版块: r/investing
2025-10-20 16:48:56 - reddit_crawler - INFO - 子版块 r/investing 抓取完成
2025-10-20 16:48:56 - reddit_crawler - INFO - 正在抓取子版块: r/finance
2025-10-20 16:51:18 - reddit_crawler - INFO - 子版块 r/finance 抓取完成
2025-10-20 16:51:18 - reddit_crawler - INFO - 正在抓取子版块: r/stocks
2025-10-20 16:54:01 - reddit_crawler - INFO - 子版块 r/stocks 抓取完成
2025-10-20 16:54:01 - reddit_crawler - INFO - 正在抓取子版块: r/wallstreetbets
2025-10-20 16:56:57 - reddit_crawler - INFO - 子版块 r/wallstreetbets 抓取完成
2025-10-20 16:56:57 - reddit_crawler - INFO - 正在抓取子版块: r/StockMarket
2025-10-20 17:00:26 - reddit_crawler - INFO - 子版块 r/StockMarket 抓取完成
2025-10-20 17:00:26 - reddit_crawler - INFO - Reddit 抓取完成 - 帖子: 250, 评论: 4998, 错误: 0
2025-10-20 17:38:04 - reddit_crawler - INFO - Reddit API 初始化成功
2025-10-20 17:38:05 - reddit_crawler - INFO - 开始抓取 Reddit 数据...
2025-10-20 17:38:05 - reddit_crawler - INFO - 正在抓取子版块: r/investing
2025-10-20 17:39:33 - reddit_crawler - ERROR - 抓取评论时出错: received 500 HTTP response
2025-10-20 17:43:46 - reddit_crawler - INFO - Reddit API 初始化成功
2025-10-20 17:43:46 - reddit_crawler - INFO - 开始抓取 Reddit 数据...
2025-10-20 17:43:46 - reddit_crawler - INFO - 正在抓取子版块: r/investing
2025-10-20 17:43:51 - reddit_crawler - INFO -   [1/50] 抓取帖子: What are these 11% Subordinated Notes?...
2025-10-20 17:43:51 - reddit_crawler - INFO -     → 正在抓取评论 (目标: 30 条)...
2025-10-20 17:43:58 - reddit_crawler - INFO -     ✓ 评论抓取完成: 12 条
2025-10-20 17:43:58 - reddit_crawler - INFO -   [2/50] 抓取帖子: How to protect my mom from inflation?...
2025-10-20 17:43:58 - reddit_crawler - INFO -     → 正在抓取评论 (目标: 30 条)...
2025-10-20 17:44:01 - reddit_crawler - INFO -     ✓ 评论抓取完成: 30 条
2025-10-20 17:44:02 - reddit_crawler - INFO -   [3/50] 抓取帖子: SAMTRADE update. Am I getting my money back?...
2025-10-20 17:44:02 - reddit_crawler - INFO -     → 正在抓取评论 (目标: 30 条)...
2025-10-20 17:44:02 - reddit_crawler - INFO -     ✓ 评论抓取完成: 5 条
2025-10-20 17:44:03 - reddit_crawler - INFO -   [4/50] 抓取帖子: Need new high yield savings account...
2025-10-20 17:44:03 - reddit_crawler - INFO -     → 正在抓取评论 (目标: 30 条)...
2025-10-20 17:44:04 - reddit_crawler - INFO -     ✓ 评论抓取完成: 30 条
2025-10-20 17:44:04 - reddit_crawler - INFO -   [5/50] 抓取帖子: recent GoPro stock surge??...
2025-10-20 17:44:04 - reddit_crawler - INFO -     → 正在抓取评论 (目标: 30 条)...
2025-10-20 17:44:05 - reddit_crawler - INFO -     ✓ 评论抓取完成: 11 条
2025-10-20 17:44:06 - reddit_crawler - INFO -   [6/50] 抓取帖子: Rental Properties in Retirement...
2025-10-20 17:44:06 - reddit_crawler - INFO -     → 正在抓取评论 (目标: 30 条)...
2025-10-20 17:44:08 - reddit_crawler - INFO -     ✓ 评论抓取完成: 11 条
2025-10-20 17:44:08 - reddit_crawler - INFO -   [7/50] 抓取帖子: Mixed messages - bubble vs USD devaluation...
2025-10-20 17:44:08 - reddit_crawler - INFO -     → 正在抓取评论 (目标: 30 条)...
2025-10-20 17:44:13 - reddit_crawler - ERROR -       ✗ Reddit API 错误 (帖子: 1njxd4c): 500 - Internal Server Error
2025-10-20 17:44:13 - reddit_crawler - INFO -     ✓ 评论抓取完成: 0 条
2025-10-20 17:44:13 - reddit_crawler - INFO -   [8/50] 抓取帖子: Why Palantir (PLTR) Is a Strong Buy in 2025...
2025-10-20 17:44:13 - reddit_crawler - INFO -     → 正在抓取评论 (目标: 30 条)...
2025-10-20 17:44:14 - reddit_crawler - INFO -     ✓ 评论抓取完成: 12 条
2025-10-20 17:44:15 - reddit_crawler - INFO -   [9/50] 抓取帖子: The Federal Reserve cut interest rates, what should we be do...
2025-10-20 17:44:15 - reddit_crawler - INFO -     → 正在抓取评论 (目标: 30 条)...
2025-10-20 17:44:19 - reddit_crawler - INFO -     ✓ 评论抓取完成: 30 条
2025-10-20 17:44:19 - reddit_crawler - INFO -   [10/50] 抓取帖子: Does anyone here file their own form 5500? How difficult is ...
2025-10-20 17:44:19 - reddit_crawler - INFO -     → 正在抓取评论 (目标: 30 条)...
2025-10-20 17:44:20 - reddit_crawler - INFO -     ✓ 评论抓取完成: 18 条
2025-10-20 17:44:21 - reddit_crawler - INFO -   [11/50] 抓取帖子: Trying to start a fund at my school...
2025-10-20 17:44:21 - reddit_crawler - INFO -     → 正在抓取评论 (目标: 30 条)...
2025-10-20 17:44:26 - reddit_crawler - ERROR -       ✗ Reddit API 错误 (帖子: 1njtaeq): 500 - Internal Server Error
2025-10-20 17:44:26 - reddit_crawler - INFO -     ✓ 评论抓取完成: 0 条
2025-10-20 17:44:27 - reddit_crawler - INFO -   [12/50] 抓取帖子: I hold some ORCL and just saw this news - wanted to see if i...
2025-10-20 17:44:27 - reddit_crawler - INFO -     → 正在抓取评论 (目标: 30 条)...
2025-10-20 17:44:28 - reddit_crawler - INFO -     ✓ 评论抓取完成: 4 条
2025-10-20 17:44:28 - reddit_crawler - INFO -   [13/50] 抓取帖子: What to pair with an Econ Major...
2025-10-20 17:44:28 - reddit_crawler - INFO -     → 正在抓取评论 (目标: 30 条)...
2025-10-20 17:44:28 - reddit_crawler - INFO -     ✓ 评论抓取完成: 10 条
2025-10-20 17:44:29 - reddit_crawler - INFO -   [14/50] 抓取帖子: LXRX at $1.08  Is there a reason not to buy?...
2025-10-20 17:44:29 - reddit_crawler - INFO -     → 正在抓取评论 (目标: 30 条)...
2025-10-20 17:44:29 - reddit_crawler - INFO -     ✓ 评论抓取完成: 22 条
2025-10-20 17:44:30 - reddit_crawler - INFO -   [15/50] 抓取帖子: Hot take: Multi-year bear markets will never occur again. Bu...
2025-10-20 17:44:30 - reddit_crawler - INFO -     → 正在抓取评论 (目标: 30 条)...
2025-10-20 17:44:32 - reddit_crawler - INFO -     ✓ 评论抓取完成: 30 条
2025-10-20 17:44:33 - reddit_crawler - INFO -   [16/50] 抓取帖子: Why invest in good companies when memestocks give 10x the ro...
2025-10-20 17:44:33 - reddit_crawler - INFO -     → 正在抓取评论 (目标: 30 条)...
2025-10-20 17:44:34 - reddit_crawler - INFO -     ✓ 评论抓取完成: 30 条
2025-10-20 17:44:35 - reddit_crawler - INFO -   [17/50] 抓取帖子: Which AI Agent to use for sentiment and numerical tracking...
2025-10-20 17:44:35 - reddit_crawler - INFO -     → 正在抓取评论 (目标: 30 条)...
2025-10-20 17:44:41 - reddit_crawler - ERROR -       ✗ Reddit API 错误 (帖子: 1njpqrz): 500 - Internal Server Error
2025-10-20 17:44:41 - reddit_crawler - INFO -     ✓ 评论抓取完成: 0 条
2025-10-20 17:44:41 - reddit_crawler - INFO -   [18/50] 抓取帖子: Backdoor Roth IRA conversation question....
2025-10-20 17:44:41 - reddit_crawler - INFO -     → 正在抓取评论 (目标: 30 条)...
2025-10-20 17:44:44 - reddit_crawler - INFO -     ✓ 评论抓取完成: 7 条
2025-10-20 17:44:45 - reddit_crawler - INFO -   [19/50] 抓取帖子: Yieldstreet introduces new short term note fees...
2025-10-20 17:44:45 - reddit_crawler - INFO -     → 正在抓取评论 (目标: 30 条)...
2025-10-20 17:44:49 - reddit_crawler - INFO -     ✓ 评论抓取完成: 0 条
2025-10-20 17:44:50 - reddit_crawler - INFO -   [20/50] 抓取帖子: Old home investments for the poor...
2025-10-20 17:44:50 - reddit_crawler - INFO -     → 正在抓取评论 (目标: 30 条)...
2025-10-20 17:44:50 - reddit_crawler - INFO -     ✓ 评论抓取完成: 15 条
2025-10-20 17:44:51 - reddit_crawler - INFO -   [21/50] 抓取帖子: Broad US mutual funds or ETFs...
2025-10-20 17:44:51 - reddit_crawler - INFO -     → 正在抓取评论 (目标: 30 条)...
2025-10-20 17:44:52 - reddit_crawler - INFO -     ✓ 评论抓取完成: 11 条
2025-10-20 17:44:52 - reddit_crawler - INFO -   [22/50] 抓取帖子: The Federal Reserve cut interest rates by 25 Basis Points, a...
2025-10-20 17:44:52 - reddit_crawler - INFO -     → 正在抓取评论 (目标: 30 条)...
2025-10-20 17:44:56 - reddit_crawler - INFO -     ✓ 评论抓取完成: 30 条
2025-10-20 17:44:57 - reddit_crawler - INFO -   [23/50] 抓取帖子: Daily Checklist for Vanguard Account...
2025-10-20 17:44:57 - reddit_crawler - INFO -     → 正在抓取评论 (目标: 30 条)...
2025-10-20 17:44:59 - reddit_crawler - INFO -     ✓ 评论抓取完成: 15 条
2025-10-20 17:45:00 - reddit_crawler - INFO -   [24/50] 抓取帖子: Pros/cons of investing with Merrill through BoA...
2025-10-20 17:45:00 - reddit_crawler - INFO -     → 正在抓取评论 (目标: 30 条)...
2025-10-20 17:45:00 - reddit_crawler - INFO -     ✓ 评论抓取完成: 5 条
2025-10-20 17:45:01 - reddit_crawler - INFO -   [25/50] 抓取帖子: How can an investment fund promote 9-13% returns?...
2025-10-20 17:45:01 - reddit_crawler - INFO -     → 正在抓取评论 (目标: 30 条)...
2025-10-20 17:45:07 - reddit_crawler - INFO -     ✓ 评论抓取完成: 30 条
2025-10-20 17:45:07 - reddit_crawler - INFO -   [26/50] 抓取帖子: 19M $14 000 already invested. 6.5k on hand...
2025-10-20 17:45:07 - reddit_crawler - INFO -     → 正在抓取评论 (目标: 30 条)...
2025-10-20 17:45:08 - reddit_crawler - INFO -     ✓ 评论抓取完成: 9 条
2025-10-20 17:45:09 - reddit_crawler - INFO -   [27/50] 抓取帖子: Why should we even pay taxes on crypto gains?...
2025-10-20 17:45:09 - reddit_crawler - INFO -     → 正在抓取评论 (目标: 30 条)...
2025-10-20 17:45:10 - reddit_crawler - INFO -     ✓ 评论抓取完成: 30 条
2025-10-20 17:45:11 - reddit_crawler - INFO -   [28/50] 抓取帖子: I usually don’t sell this fast, but after a 57% gain in 5 mo...
2025-10-20 17:45:11 - reddit_crawler - INFO -     → 正在抓取评论 (目标: 30 条)...
2025-10-20 17:45:16 - reddit_crawler - ERROR -       ✗ Reddit API 错误 (帖子: 1njhk2x): 500 - Internal Server Error
2025-10-20 17:45:16 - reddit_crawler - INFO -     ✓ 评论抓取完成: 0 条
2025-10-20 17:45:17 - reddit_crawler - INFO -   [29/50] 抓取帖子: Where should I put my fun money?...
2025-10-20 17:45:17 - reddit_crawler - INFO -     → 正在抓取评论 (目标: 30 条)...
2025-10-20 17:45:22 - reddit_crawler - ERROR -       ✗ Reddit API 错误 (帖子: 1njh2ar): 500 - Internal Server Error
2025-10-20 17:45:22 - reddit_crawler - INFO -     ✓ 评论抓取完成: 0 条
2025-10-20 17:45:22 - reddit_crawler - INFO -   [30/50] 抓取帖子: Should I diversify 10% of my long-term portfolio into gold o...
2025-10-20 17:45:22 - reddit_crawler - INFO -     → 正在抓取评论 (目标: 30 条)...
2025-10-20 17:45:23 - reddit_crawler - INFO -     ✓ 评论抓取完成: 19 条
2025-10-20 17:45:24 - reddit_crawler - INFO -   [31/50] 抓取帖子: Hedged EUR ETFs performance difference vs non-hedged...
2025-10-20 17:45:24 - reddit_crawler - INFO -     → 正在抓取评论 (目标: 30 条)...
2025-10-20 17:45:25 - reddit_crawler - INFO -     ✓ 评论抓取完成: 7 条
2025-10-20 17:45:25 - reddit_crawler - INFO -   [32/50] 抓取帖子: Bubble worries have sparked my interest in a particular bond...
2025-10-20 17:45:25 - reddit_crawler - INFO -     → 正在抓取评论 (目标: 30 条)...
2025-10-20 17:45:27 - reddit_crawler - INFO -     ✓ 评论抓取完成: 8 条
2025-10-20 17:45:27 - reddit_crawler - INFO -   [33/50] 抓取帖子: What happens to investments in Vanguard if GFC/Bernie Madoff...
2025-10-20 17:45:27 - reddit_crawler - INFO -     → 正在抓取评论 (目标: 30 条)...
2025-10-20 17:45:28 - reddit_crawler - INFO -     ✓ 评论抓取完成: 27 条
2025-10-20 17:45:29 - reddit_crawler - INFO -   [34/50] 抓取帖子: Take profit and reinvest in the same asset?...
2025-10-20 17:45:29 - reddit_crawler - INFO -     → 正在抓取评论 (目标: 30 条)...
2025-10-20 17:45:31 - reddit_crawler - INFO -     ✓ 评论抓取完成: 19 条
2025-10-20 17:45:31 - reddit_crawler - INFO -   [35/50] 抓取帖子: Should I be putting money into investments or my house?...
2025-10-20 17:45:31 - reddit_crawler - INFO -     → 正在抓取评论 (目标: 30 条)...
2025-10-20 17:45:33 - reddit_crawler - INFO -     ✓ 评论抓取完成: 30 条
2025-10-20 17:45:33 - reddit_crawler - INFO -   [36/50] 抓取帖子: How much shoul I keep in the bank account ?...
2025-10-20 17:45:34 - reddit_crawler - INFO -     → 正在抓取评论 (目标: 30 条)...
2025-10-20 17:45:37 - reddit_crawler - INFO -     ✓ 评论抓取完成: 19 条
2025-10-20 17:45:37 - reddit_crawler - INFO -   [37/50] 抓取帖子: How do we feel about ACHR...
2025-10-20 17:45:37 - reddit_crawler - INFO -     → 正在抓取评论 (目标: 30 条)...
2025-10-20 17:45:38 - reddit_crawler - INFO -     ✓ 评论抓取完成: 18 条
2025-10-20 17:45:38 - reddit_crawler - INFO -   [38/50] 抓取帖子: Does anyone like VIGAX? Or growth tilts in general?...
2025-10-20 17:45:38 - reddit_crawler - INFO -     → 正在抓取评论 (目标: 30 条)...
2025-10-20 17:45:42 - reddit_crawler - INFO -     ✓ 评论抓取完成: 15 条
2025-10-20 17:45:42 - reddit_crawler - INFO -   [39/50] 抓取帖子: Rezolve Ai (RZLV) is a super risky investment stock due to t...
2025-10-20 17:45:42 - reddit_crawler - INFO -     → 正在抓取评论 (目标: 30 条)...
2025-10-20 17:45:43 - reddit_crawler - INFO -     ✓ 评论抓取完成: 30 条
2025-10-20 17:45:44 - reddit_crawler - INFO -   [40/50] 抓取帖子: Daily General Discussion and Advice Thread - September 17, 2...
2025-10-20 17:45:44 - reddit_crawler - INFO -     → 正在抓取评论 (目标: 30 条)...
2025-10-20 17:45:47 - reddit_crawler - INFO -     ✓ 评论抓取完成: 30 条
2025-10-20 17:45:47 - reddit_crawler - INFO -   [41/50] 抓取帖子: Does PFOF Make Commission-Free Investing More Expensive?...
2025-10-20 17:45:47 - reddit_crawler - INFO -     → 正在抓取评论 (目标: 30 条)...
2025-10-20 17:45:48 - reddit_crawler - INFO -     ✓ 评论抓取完成: 5 条
2025-10-20 17:45:49 - reddit_crawler - INFO -   [42/50] 抓取帖子: Back door IRA and taxes ....
2025-10-20 17:45:49 - reddit_crawler - INFO -     → 正在抓取评论 (目标: 30 条)...
2025-10-20 17:45:49 - reddit_crawler - INFO -     ✓ 评论抓取完成: 10 条
2025-10-20 17:45:50 - reddit_crawler - INFO -   [43/50] 抓取帖子: Does etrade/schwab or some other tool (formula for googleshe...
2025-10-20 17:45:50 - reddit_crawler - INFO -     → 正在抓取评论 (目标: 30 条)...
2025-10-20 17:45:50 - reddit_crawler - INFO -     ✓ 评论抓取完成: 1 条
2025-10-20 17:45:51 - reddit_crawler - INFO -   [44/50] 抓取帖子: How do you actually do Norbert's Gambit?...
2025-10-20 17:45:51 - reddit_crawler - INFO -     → 正在抓取评论 (目标: 30 条)...
2025-10-20 17:45:56 - reddit_crawler - ERROR -       ✗ Reddit API 错误 (帖子: 1nj1pp6): 500 - Internal Server Error
2025-10-20 17:45:56 - reddit_crawler - INFO -     ✓ 评论抓取完成: 0 条
2025-10-20 17:45:57 - reddit_crawler - INFO -   [45/50] 抓取帖子: Can I act on stock info that I overheard in a public restroo...
2025-10-20 17:45:57 - reddit_crawler - INFO -     → 正在抓取评论 (目标: 30 条)...
2025-10-20 17:45:58 - reddit_crawler - INFO -     ✓ 评论抓取完成: 30 条
2025-10-20 17:45:58 - reddit_crawler - INFO -   [46/50] 抓取帖子: Why today’s Nvidia–CoreWeave deal is a red flag for Oracle...
2025-10-20 17:45:58 - reddit_crawler - INFO -     → 正在抓取评论 (目标: 30 条)...
2025-10-20 17:46:00 - reddit_crawler - INFO -     ✓ 评论抓取完成: 30 条
2025-10-20 17:46:01 - reddit_crawler - INFO -   [47/50] 抓取帖子: IONQ and other Quantum stocks are rising insanely, is it wor...
2025-10-20 17:46:01 - reddit_crawler - INFO -     → 正在抓取评论 (目标: 30 条)...
2025-10-20 17:46:06 - reddit_crawler - INFO -     ✓ 评论抓取完成: 30 条
2025-10-20 17:46:07 - reddit_crawler - INFO -   [48/50] 抓取帖子: What should I do?  I am a 50% owner of a couple warehouses i...
2025-10-20 17:46:07 - reddit_crawler - INFO -     → 正在抓取评论 (目标: 30 条)...
2025-10-20 17:46:08 - reddit_crawler - INFO -     ✓ 评论抓取完成: 14 条
2025-10-20 17:46:09 - reddit_crawler - INFO -   [49/50] 抓取帖子: Protect ETFs and Mutual Funds from a recession....
2025-10-20 17:46:09 - reddit_crawler - INFO -     → 正在抓取评论 (目标: 30 条)...
2025-10-20 17:46:10 - reddit_crawler - INFO -     ✓ 评论抓取完成: 10 条
2025-10-20 17:46:11 - reddit_crawler - INFO -   [50/50] 抓取帖子: Dad passed away, what to do with a Mutual Fund?...
2025-10-20 17:46:11 - reddit_crawler - INFO -     → 正在抓取评论 (目标: 30 条)...
2025-10-20 17:46:11 - reddit_crawler - INFO -     ✓ 评论抓取完成: 26 条
2025-10-20 17:46:12 - reddit_crawler - INFO - ✓ 子版块 r/investing 抓取完成 - 帖子: 50, 评论: 785
2025-10-20 17:46:12 - reddit_crawler - INFO - 正在抓取子版块: r/finance
2025-10-20 17:46:14 - reddit_crawler - INFO -   [1/50] 抓取帖子: Moronic Monday - October 20, 2025 - Your Weekly Questions Th...
2025-10-20 17:46:14 - reddit_crawler - INFO -     → 正在抓取评论 (目标: 30 条)...
2025-10-20 17:46:21 - reddit_crawler - INFO -     ✓ 评论抓取完成: 0 条
2025-10-20 17:46:21 - reddit_crawler - INFO -   [2/50] 抓取帖子: Goodbye to AI - Meta CEO Mark Zuckerberg joins Sam Altman an...
2025-10-20 17:46:21 - reddit_crawler - INFO -     → 正在抓取评论 (目标: 30 条)...
2025-10-20 17:46:23 - reddit_crawler - INFO -     ✓ 评论抓取完成: 6 条
2025-10-20 17:46:23 - reddit_crawler - INFO -   [3/50] 抓取帖子: Exclusive | Blackstone Joins Race to Bring Private Assets to...
2025-10-20 17:46:23 - reddit_crawler - INFO -     → 正在抓取评论 (目标: 30 条)...
2025-10-20 17:46:27 - reddit_crawler - ERROR -       ✗ Reddit API 错误 (帖子: 1o7dul7): 500 - Internal Server Error
2025-10-20 17:46:27 - reddit_crawler - INFO -     ✓ 评论抓取完成: 0 条
2025-10-20 17:46:27 - reddit_crawler - INFO -   [4/50] 抓取帖子: From Tricolor to Saks, Bonds Are Now Crashing at Breakneck S...
2025-10-20 17:46:27 - reddit_crawler - INFO -     → 正在抓取评论 (目标: 30 条)...
2025-10-20 17:46:28 - reddit_crawler - INFO -     ✓ 评论抓取完成: 4 条
2025-10-20 17:46:29 - reddit_crawler - INFO -   [5/50] 抓取帖子: Moronic Monday - October 13, 2025 - Your Weekly Questions Th...
2025-10-20 17:46:29 - reddit_crawler - INFO -     → 正在抓取评论 (目标: 30 条)...
2025-10-20 17:46:30 - reddit_crawler - INFO -     ✓ 评论抓取完成: 9 条
2025-10-20 17:46:30 - reddit_crawler - INFO -   [6/50] 抓取帖子: Citigroup Expects Up to $20 Billion in India IPOs Over Next ...
2025-10-20 17:46:30 - reddit_crawler - INFO -     → 正在抓取评论 (目标: 30 条)...
2025-10-20 17:46:38 - reddit_crawler - INFO -     ✓ 评论抓取完成: 2 条
2025-10-20 17:46:38 - reddit_crawler - INFO -   [7/50] 抓取帖子: Private Equity’s EA Takeover: Corruption, Contradictions, an...
2025-10-20 17:46:38 - reddit_crawler - INFO -     → 正在抓取评论 (目标: 30 条)...
2025-10-20 17:46:39 - reddit_crawler - INFO -     ✓ 评论抓取完成: 3 条
2025-10-20 17:46:40 - reddit_crawler - INFO -   [8/50] 抓取帖子: Analysis of 145 post-2008 IPOs shows firms that failed durin...
2025-10-20 17:46:40 - reddit_crawler - INFO -     → 正在抓取评论 (目标: 30 条)...
2025-10-20 17:46:40 - reddit_crawler - INFO -     ✓ 评论抓取完成: 0 条
2025-10-20 17:46:41 - reddit_crawler - INFO -   [9/50] 抓取帖子: Dollar Dominance and Dollar Depreciation — Moving on Differe...
2025-10-20 17:46:41 - reddit_crawler - INFO -     → 正在抓取评论 (目标: 30 条)...
2025-10-20 17:46:42 - reddit_crawler - INFO -     ✓ 评论抓取完成: 13 条
2025-10-20 17:46:43 - reddit_crawler - INFO -   [10/50] 抓取帖子: Hedge funds and high-frequency traders are converging...
2025-10-20 17:46:43 - reddit_crawler - INFO -     → 正在抓取评论 (目标: 30 条)...
2025-10-20 17:46:43 - reddit_crawler - INFO -     ✓ 评论抓取完成: 2 条
2025-10-20 17:46:44 - reddit_crawler - INFO -   [11/50] 抓取帖子: Europe May Need to Fight a Currency War to Weaken the Euro...
2025-10-20 17:46:44 - reddit_crawler - INFO -     → 正在抓取评论 (目标: 30 条)...
2025-10-20 17:46:47 - reddit_crawler - INFO -     ✓ 评论抓取完成: 20 条
2025-10-20 17:46:47 - reddit_crawler - INFO -   [12/50] 抓取帖子: Moronic Monday - October 06, 2025 - Your Weekly Questions Th...
2025-10-20 17:46:47 - reddit_crawler - INFO -     → 正在抓取评论 (目标: 30 条)...
2025-10-20 17:46:48 - reddit_crawler - INFO -     ✓ 评论抓取完成: 12 条
2025-10-20 17:46:49 - reddit_crawler - INFO -   [13/50] 抓取帖子: How protected is the Swiss National Bank compared with the U...
2025-10-20 17:46:49 - reddit_crawler - INFO -     → 正在抓取评论 (目标: 30 条)...
2025-10-20 17:46:50 - reddit_crawler - INFO -     ✓ 评论抓取完成: 13 条
2025-10-20 17:46:50 - reddit_crawler - INFO -   [14/50] 抓取帖子: [WSJ] The Credit Market Is Humming—and That Has Wall Street ...
2025-10-20 17:46:50 - reddit_crawler - INFO -     → 正在抓取评论 (目标: 30 条)...
2025-10-20 17:46:56 - reddit_crawler - INFO -     ✓ 评论抓取完成: 28 条
2025-10-20 17:46:56 - reddit_crawler - INFO -   [15/50] 抓取帖子: Moronic Monday - September 29, 2025 - Your Weekly Questions ...
2025-10-20 17:46:56 - reddit_crawler - INFO -     → 正在抓取评论 (目标: 30 条)...
2025-10-20 17:47:01 - reddit_crawler - ERROR -       ✗ Reddit API 错误 (帖子: 1nt9f2g): 500 - Internal Server Error
2025-10-20 17:47:01 - reddit_crawler - INFO -     ✓ 评论抓取完成: 0 条
2025-10-20 17:47:01 - reddit_crawler - INFO -   [16/50] 抓取帖子: The AI Boom Needs a Market for Compute...
2025-10-20 17:47:01 - reddit_crawler - INFO -     → 正在抓取评论 (目标: 30 条)...
2025-10-20 17:47:03 - reddit_crawler - INFO -     ✓ 评论抓取完成: 30 条
2025-10-20 17:47:03 - reddit_crawler - INFO -   [17/50] 抓取帖子: Moronic Monday - September 22, 2025 - Your Weekly Questions ...
2025-10-20 17:47:03 - reddit_crawler - INFO -     → 正在抓取评论 (目标: 30 条)...
2025-10-20 17:47:04 - reddit_crawler - INFO -     ✓ 评论抓取完成: 3 条
2025-10-20 17:47:04 - reddit_crawler - INFO -   [18/50] 抓取帖子: What Reliving the 1929 Crash Tells Us About Today’s Stock Ma...
2025-10-20 17:47:04 - reddit_crawler - INFO -     → 正在抓取评论 (目标: 30 条)...
2025-10-20 17:47:05 - reddit_crawler - INFO -     ✓ 评论抓取完成: 30 条
2025-10-20 17:47:06 - reddit_crawler - INFO -   [19/50] 抓取帖子: Moronic Monday - September 15, 2025 - Your Weekly Questions ...
2025-10-20 17:47:06 - reddit_crawler - INFO -     → 正在抓取评论 (目标: 30 条)...
2025-10-20 17:47:08 - reddit_crawler - INFO -     ✓ 评论抓取完成: 4 条
2025-10-20 17:47:08 - reddit_crawler - INFO -   [20/50] 抓取帖子: Fed rate cut now signals 3% inflation is the new 2%...
2025-10-20 17:47:08 - reddit_crawler - INFO -     → 正在抓取评论 (目标: 30 条)...
2025-10-20 17:47:11 - reddit_crawler - INFO -     ✓ 评论抓取完成: 30 条
2025-10-20 17:47:11 - reddit_crawler - INFO -   [21/50] 抓取帖子: Why the Fed should not cut rates now...
2025-10-20 17:47:11 - reddit_crawler - INFO -     → 正在抓取评论 (目标: 30 条)...
2025-10-20 17:47:12 - reddit_crawler - INFO -     ✓ 评论抓取完成: 30 条
2025-10-20 17:47:13 - reddit_crawler - INFO -   [22/50] 抓取帖子: Moronic Monday - September 08, 2025 - Your Weekly Questions ...
2025-10-20 17:47:13 - reddit_crawler - INFO -     → 正在抓取评论 (目标: 30 条)...
2025-10-20 17:47:19 - reddit_crawler - ERROR -       ✗ Reddit API 错误 (帖子: 1nbew1u): 500 - Internal Server Error
2025-10-20 17:47:19 - reddit_crawler - INFO -     ✓ 评论抓取完成: 0 条
2025-10-20 17:47:20 - reddit_crawler - INFO -   [23/50] 抓取帖子: Ex-Credit Suisse Boss Tidjane Thiam: ‘I Don’t Do Regrets’...
2025-10-20 17:47:20 - reddit_crawler - INFO -     → 正在抓取评论 (目标: 30 条)...
2025-10-20 17:47:26 - reddit_crawler - ERROR -       ✗ Reddit API 错误 (帖子: 1nasebo): 500 - Internal Server Error
2025-10-20 17:47:26 - reddit_crawler - INFO -     ✓ 评论抓取完成: 0 条
2025-10-20 17:47:26 - reddit_crawler - INFO -   [24/50] 抓取帖子: Mystery of former Federal Reserve Governor Kugler's resignat...
2025-10-20 17:47:26 - reddit_crawler - INFO -     → 正在抓取评论 (目标: 30 条)...
2025-10-20 17:47:27 - reddit_crawler - INFO -     ✓ 评论抓取完成: 17 条
2025-10-20 17:47:28 - reddit_crawler - INFO -   [25/50] 抓取帖子: Job growth stalls: US economy added just 22,000 jobs in Augu...
2025-10-20 17:47:28 - reddit_crawler - INFO -     → 正在抓取评论 (目标: 30 条)...
2025-10-20 17:47:34 - reddit_crawler - INFO -     ✓ 评论抓取完成: 30 条
2025-10-20 17:47:34 - reddit_crawler - INFO -   [26/50] 抓取帖子: The Loophole Turning Stablecoins Into a Trillion-Dollar Figh...
2025-10-20 17:47:34 - reddit_crawler - INFO -     → 正在抓取评论 (目标: 30 条)...
2025-10-20 17:47:35 - reddit_crawler - INFO -     ✓ 评论抓取完成: 12 条
2025-10-20 17:47:36 - reddit_crawler - INFO -   [27/50] 抓取帖子: The mysterious, massively lucrative, multibillion-dollar ARK...
2025-10-20 17:47:36 - reddit_crawler - INFO -     → 正在抓取评论 (目标: 30 条)...
2025-10-20 17:47:38 - reddit_crawler - INFO -     ✓ 评论抓取完成: 12 条
2025-10-20 17:47:39 - reddit_crawler - INFO -   [28/50] 抓取帖子: Moronic Monday - September 01, 2025 - Your Weekly Questions ...
2025-10-20 17:47:39 - reddit_crawler - INFO -     → 正在抓取评论 (目标: 30 条)...
2025-10-20 17:47:39 - reddit_crawler - INFO -     ✓ 评论抓取完成: 11 条
2025-10-20 17:47:40 - reddit_crawler - INFO -   [29/50] 抓取帖子: World’s best performing sovereign wealth fund bets on Europe...
2025-10-20 17:47:40 - reddit_crawler - INFO -     → 正在抓取评论 (目标: 30 条)...
2025-10-20 17:47:41 - reddit_crawler - INFO -     ✓ 评论抓取完成: 30 条
2025-10-20 17:47:42 - reddit_crawler - INFO -   [30/50] 抓取帖子: Trump’s attack on the Fed threatens US credibility...
2025-10-20 17:47:42 - reddit_crawler - INFO -     → 正在抓取评论 (目标: 30 条)...
2025-10-20 17:47:48 - reddit_crawler - ERROR -       ✗ Reddit API 错误 (帖子: 1n1sfg2): 500 - Internal Server Error
2025-10-20 17:47:48 - reddit_crawler - INFO -     ✓ 评论抓取完成: 0 条
2025-10-20 17:47:48 - reddit_crawler - INFO -   [31/50] 抓取帖子: US appeals court orders SEC to review short-selling rules...
2025-10-20 17:47:48 - reddit_crawler - INFO -     → 正在抓取评论 (目标: 30 条)...
2025-10-20 17:47:50 - reddit_crawler - INFO -     ✓ 评论抓取完成: 7 条
2025-10-20 17:47:50 - reddit_crawler - INFO -   [32/50] 抓取帖子: BREAKING: Trump Fires Federal Reserve Governor Lisa Cook...
2025-10-20 17:47:50 - reddit_crawler - INFO -     → 正在抓取评论 (目标: 30 条)...
2025-10-20 17:47:56 - reddit_crawler - INFO -     ✓ 评论抓取完成: 30 条
2025-10-20 17:47:56 - reddit_crawler - INFO -   [33/50] 抓取帖子: Moronic Monday - August 25, 2025 - Your Weekly Questions Thr...
2025-10-20 17:47:56 - reddit_crawler - INFO -     → 正在抓取评论 (目标: 30 条)...
2025-10-20 17:47:57 - reddit_crawler - INFO -     ✓ 评论抓取完成: 13 条
2025-10-20 17:47:57 - reddit_crawler - INFO -   [34/50] 抓取帖子: The twilight of the central banking elite...
2025-10-20 17:47:57 - reddit_crawler - INFO -     → 正在抓取评论 (目标: 30 条)...
2025-10-20 17:48:01 - reddit_crawler - INFO -     ✓ 评论抓取完成: 30 条
2025-10-20 17:48:02 - reddit_crawler - INFO -   [35/50] 抓取帖子: The European Union has agreed to eliminate all tariffs on in...
2025-10-20 17:48:02 - reddit_crawler - INFO -     → 正在抓取评论 (目标: 30 条)...
2025-10-20 17:48:10 - reddit_crawler - INFO -     ✓ 评论抓取完成: 30 条
2025-10-20 17:48:10 - reddit_crawler - INFO -   [36/50] 抓取帖子: Markets, Trump in delicate policy dance...
2025-10-20 17:48:10 - reddit_crawler - INFO -     → 正在抓取评论 (目标: 30 条)...
2025-10-20 17:48:15 - reddit_crawler - INFO -     ✓ 评论抓取完成: 10 条
2025-10-20 17:48:15 - reddit_crawler - INFO -   [37/50] 抓取帖子: Moronic Monday - August 18, 2025 - Your Weekly Questions Thr...
2025-10-20 17:48:15 - reddit_crawler - INFO -     → 正在抓取评论 (目标: 30 条)...
2025-10-20 17:48:17 - reddit_crawler - INFO -     ✓ 评论抓取完成: 5 条
2025-10-20 17:48:18 - reddit_crawler - INFO -   [38/50] 抓取帖子: America’s Stock-Market Dominance Is an Emergency for Europe...
2025-10-20 17:48:18 - reddit_crawler - INFO -     → 正在抓取评论 (目标: 30 条)...
2025-10-20 17:48:23 - reddit_crawler - INFO -     ✓ 评论抓取完成: 10 条
2025-10-20 17:48:23 - reddit_crawler - INFO -   [39/50] 抓取帖子: The Dollar Still Rules, But US Policy Is Making It Less Spec...
2025-10-20 17:48:23 - reddit_crawler - INFO -     → 正在抓取评论 (目标: 30 条)...
2025-10-20 17:48:25 - reddit_crawler - INFO -     ✓ 评论抓取完成: 16 条
2025-10-20 17:48:26 - reddit_crawler - INFO -   [40/50] 抓取帖子: Trump’s tariffs turn from confused to chaotic...
2025-10-20 17:48:26 - reddit_crawler - INFO -     → 正在抓取评论 (目标: 30 条)...
2025-10-20 17:48:27 - reddit_crawler - INFO -     ✓ 评论抓取完成: 30 条
2025-10-20 17:48:27 - reddit_crawler - INFO -   [41/50] 抓取帖子: The Case for Fed Cuts Suddenly Has Some Holes...
2025-10-20 17:48:27 - reddit_crawler - INFO -     → 正在抓取评论 (目标: 30 条)...
2025-10-20 17:48:29 - reddit_crawler - INFO -     ✓ 评论抓取完成: 21 条
2025-10-20 17:48:29 - reddit_crawler - INFO -   [42/50] 抓取帖子: Bessent Urges Fed to Lower Rates by 150 Basis Points or More...
2025-10-20 17:48:29 - reddit_crawler - INFO -     → 正在抓取评论 (目标: 30 条)...
2025-10-20 17:48:37 - reddit_crawler - ERROR -       ✗ Reddit API 错误 (帖子: 1mpmqv8): 500 - Internal Server Error
2025-10-20 17:48:37 - reddit_crawler - INFO -     ✓ 评论抓取完成: 0 条
2025-10-20 17:48:38 - reddit_crawler - INFO -   [43/50] 抓取帖子: Trump’s BLS nominee E.J. Antoni suggests suspending jobs rep...
2025-10-20 17:48:38 - reddit_crawler - INFO -     → 正在抓取评论 (目标: 30 条)...
2025-10-20 17:48:39 - reddit_crawler - INFO -     ✓ 评论抓取完成: 30 条
2025-10-20 17:48:40 - reddit_crawler - INFO -   [44/50] 抓取帖子: American Companies Are Buying Their Own Stocks at a Record P...
2025-10-20 17:48:40 - reddit_crawler - INFO -     → 正在抓取评论 (目标: 30 条)...
2025-10-20 17:48:43 - reddit_crawler - INFO -     ✓ 评论抓取完成: 30 条
2025-10-20 17:48:43 - reddit_crawler - INFO -   [45/50] 抓取帖子: Moronic Monday - August 11, 2025 - Your Weekly Questions Thr...
2025-10-20 17:48:43 - reddit_crawler - INFO -     → 正在抓取评论 (目标: 30 条)...
2025-10-20 17:48:44 - reddit_crawler - INFO -     ✓ 评论抓取完成: 9 条
2025-10-20 17:48:44 - reddit_crawler - INFO -   [46/50] 抓取帖子: A top Federal Reserve official says dour jobs data backs the...
2025-10-20 17:48:44 - reddit_crawler - INFO -     → 正在抓取评论 (目标: 30 条)...
2025-10-20 17:48:48 - reddit_crawler - INFO -     ✓ 评论抓取完成: 30 条
2025-10-20 17:48:49 - reddit_crawler - INFO -   [47/50] 抓取帖子: Kansas City Federal Reserve Bank president says Fed independ...
2025-10-20 17:48:49 - reddit_crawler - INFO -     → 正在抓取评论 (目标: 30 条)...
2025-10-20 17:48:52 - reddit_crawler - INFO -     ✓ 评论抓取完成: 16 条
2025-10-20 17:48:53 - reddit_crawler - INFO -   [48/50] 抓取帖子: Kashkari: Fed needs to respond to slowing economy, two cuts ...
2025-10-20 17:48:53 - reddit_crawler - INFO -     → 正在抓取评论 (目标: 30 条)...
2025-10-20 17:49:02 - reddit_crawler - INFO -     ✓ 评论抓取完成: 30 条
2025-10-20 17:49:02 - reddit_crawler - INFO -   [49/50] 抓取帖子: Moronic Monday - August 04, 2025 - Your Weekly Questions Thr...
2025-10-20 17:49:02 - reddit_crawler - INFO -     → 正在抓取评论 (目标: 30 条)...
2025-10-20 17:49:02 - reddit_crawler - INFO -     ✓ 评论抓取完成: 2 条
2025-10-20 17:49:03 - reddit_crawler - INFO -   [50/50] 抓取帖子: Iran's currency has plunged so much in value that Tehran pla...
2025-10-20 17:49:03 - reddit_crawler - INFO -     → 正在抓取评论 (目标: 30 条)...
2025-10-20 17:49:05 - reddit_crawler - INFO -     ✓ 评论抓取完成: 10 条
2025-10-20 17:49:06 - reddit_crawler - INFO - ✓ 子版块 r/finance 抓取完成 - 帖子: 50, 评论: 710
2025-10-20 17:49:06 - reddit_crawler - INFO - 正在抓取子版块: r/stocks
2025-10-20 17:49:07 - reddit_crawler - INFO -   [1/50] 抓取帖子: RDDT Earnings DD...
2025-10-20 17:49:07 - reddit_crawler - INFO -     → 正在抓取评论 (目标: 30 条)...
2025-10-20 17:49:10 - reddit_crawler - INFO -     ✓ 评论抓取完成: 1 条
2025-10-20 17:49:11 - reddit_crawler - INFO -   [2/50] 抓取帖子: Eutelsat (E3B.F) signs deal with Greenland national telco Tu...
2025-10-20 17:49:11 - reddit_crawler - INFO -     → 正在抓取评论 (目标: 30 条)...
2025-10-20 17:49:26 - reddit_crawler - INFO -     ✓ 评论抓取完成: 1 条
2025-10-20 17:49:26 - reddit_crawler - INFO -   [3/50] 抓取帖子: Robinhood is down - looks like due to aws outage...
2025-10-20 17:49:26 - reddit_crawler - INFO -     → 正在抓取评论 (目标: 30 条)...
2025-10-20 17:49:27 - reddit_crawler - INFO -     ✓ 评论抓取完成: 24 条
2025-10-20 17:49:28 - reddit_crawler - INFO -   [4/50] 抓取帖子: Why is $RERE holding an uptrend while every other China ADR ...
2025-10-20 17:49:28 - reddit_crawler - INFO -     → 正在抓取评论 (目标: 30 条)...
2025-10-20 17:49:43 - reddit_crawler - INFO -     ✓ 评论抓取完成: 4 条
2025-10-20 17:49:43 - reddit_crawler - INFO -   [5/50] 抓取帖子: I'm so tired of this market manipulation...
2025-10-20 17:49:43 - reddit_crawler - INFO -     → 正在抓取评论 (目标: 30 条)...
2025-10-20 17:49:47 - reddit_crawler - INFO -     ✓ 评论抓取完成: 30 条
2025-10-20 17:49:48 - reddit_crawler - INFO -   [6/50] 抓取帖子: Blue Horseshoe loves Anacott Steel...
2025-10-20 17:49:48 - reddit_crawler - INFO -     → 正在抓取评论 (目标: 30 条)...
2025-10-20 17:49:53 - reddit_crawler - INFO -     ✓ 评论抓取完成: 9 条
2025-10-20 17:49:54 - reddit_crawler - INFO -   [7/50] 抓取帖子: Is it stupid to invest almost all money I earn to the etf li...
2025-10-20 17:49:54 - reddit_crawler - INFO -     → 正在抓取评论 (目标: 30 条)...
2025-10-20 17:49:56 - reddit_crawler - INFO -     ✓ 评论抓取完成: 30 条
2025-10-20 17:49:57 - reddit_crawler - INFO -   [8/50] 抓取帖子: Wealth In Bubbles Is Created From Buying Low....
2025-10-20 17:49:57 - reddit_crawler - INFO -     → 正在抓取评论 (目标: 30 条)...
2025-10-20 17:50:08 - reddit_crawler - INFO -     ✓ 评论抓取完成: 30 条
2025-10-20 17:50:09 - reddit_crawler - INFO -   [9/50] 抓取帖子: Where do you watch the stock market news?...
2025-10-20 17:50:09 - reddit_crawler - INFO -     → 正在抓取评论 (目标: 30 条)...
2025-10-20 17:50:10 - reddit_crawler - INFO -     ✓ 评论抓取完成: 30 条
2025-10-20 17:50:11 - reddit_crawler - INFO -   [10/50] 抓取帖子: Fundamentals Don’t Matter in Predicting Bubble Pop, Sentimen...
2025-10-20 17:50:11 - reddit_crawler - INFO -     → 正在抓取评论 (目标: 30 条)...
2025-10-20 17:50:12 - reddit_crawler - INFO -     ✓ 评论抓取完成: 30 条
2025-10-20 17:50:13 - reddit_crawler - INFO -   [11/50] 抓取帖子: AI and Airbnb: What other company have you seen using AI?...
2025-10-20 17:50:13 - reddit_crawler - INFO -     → 正在抓取评论 (目标: 30 条)...
2025-10-20 17:50:13 - reddit_crawler - INFO -     ✓ 评论抓取完成: 25 条
2025-10-20 17:50:14 - reddit_crawler - INFO -   [12/50] 抓取帖子: How did the March 2009 market bottom feel like?...
2025-10-20 17:50:14 - reddit_crawler - INFO -     → 正在抓取评论 (目标: 30 条)...
2025-10-20 17:50:17 - reddit_crawler - INFO -     ✓ 评论抓取完成: 30 条
2025-10-20 17:50:18 - reddit_crawler - INFO -   [13/50] 抓取帖子: Stocks involved with SpaceX...
2025-10-20 17:50:18 - reddit_crawler - INFO -     → 正在抓取评论 (目标: 30 条)...
2025-10-20 17:50:21 - reddit_crawler - INFO -     ✓ 评论抓取完成: 30 条
2025-10-20 17:50:22 - reddit_crawler - INFO -   [14/50] 抓取帖子: Downside protection...
2025-10-20 17:50:22 - reddit_crawler - INFO -     → 正在抓取评论 (目标: 30 条)...
2025-10-20 17:50:29 - reddit_crawler - ERROR -       ✗ Reddit API 错误 (帖子: 1oah4te): 500 - Internal Server Error
2025-10-20 17:50:29 - reddit_crawler - INFO -     ✓ 评论抓取完成: 0 条
2025-10-20 17:50:29 - reddit_crawler - INFO -   [15/50] 抓取帖子: Tariffs to cost companies $1.2T this year, mostly hitting co...
2025-10-20 17:50:29 - reddit_crawler - INFO -     → 正在抓取评论 (目标: 30 条)...
2025-10-20 17:50:31 - reddit_crawler - INFO -     ✓ 评论抓取完成: 30 条
2025-10-20 17:50:31 - reddit_crawler - INFO -   [16/50] 抓取帖子: PSA: you can sell puts on Schwab using Money Market (SWVXX) ...
2025-10-20 17:50:31 - reddit_crawler - INFO -     → 正在抓取评论 (目标: 30 条)...
2025-10-20 17:50:32 - reddit_crawler - INFO -     ✓ 评论抓取完成: 15 条
2025-10-20 17:50:33 - reddit_crawler - INFO -   [17/50] 抓取帖子: Why the AI boom to AI bubble sentiment shift?...
2025-10-20 17:50:33 - reddit_crawler - INFO -     → 正在抓取评论 (目标: 30 条)...
2025-10-20 17:50:35 - reddit_crawler - INFO -     ✓ 评论抓取完成: 30 条
2025-10-20 17:50:35 - reddit_crawler - INFO -   [18/50] 抓取帖子: Apple clinches exclusive US media rights for F1 races under ...
2025-10-20 17:50:35 - reddit_crawler - INFO -     → 正在抓取评论 (目标: 30 条)...
2025-10-20 17:50:38 - reddit_crawler - INFO -     ✓ 评论抓取完成: 30 条
2025-10-20 17:50:38 - reddit_crawler - INFO -   [19/50] 抓取帖子: ANET CRDO or ALAB...
2025-10-20 17:50:38 - reddit_crawler - INFO -     → 正在抓取评论 (目标: 30 条)...
2025-10-20 17:50:39 - reddit_crawler - INFO -     ✓ 评论抓取完成: 18 条
2025-10-20 17:50:39 - reddit_crawler - INFO -   [20/50] 抓取帖子: Investing in AI sector but focus on big growth ......
2025-10-20 17:50:39 - reddit_crawler - INFO -     → 正在抓取评论 (目标: 30 条)...
2025-10-20 17:50:41 - reddit_crawler - INFO -     ✓ 评论抓取完成: 12 条
2025-10-20 17:50:42 - reddit_crawler - INFO -   [21/50] 抓取帖子: r/Stocks Weekly Thread on Meme Stocks Saturday - Oct 18, 202...
2025-10-20 17:50:42 - reddit_crawler - INFO -     → 正在抓取评论 (目标: 30 条)...
2025-10-20 17:50:43 - reddit_crawler - INFO -     ✓ 评论抓取完成: 0 条
2025-10-20 17:50:43 - reddit_crawler - INFO -   [22/50] 抓取帖子: Google can build AI infrastructure at 1/3rd the cost of Nvid...
2025-10-20 17:50:43 - reddit_crawler - INFO -     → 正在抓取评论 (目标: 30 条)...
2025-10-20 17:50:45 - reddit_crawler - INFO -     ✓ 评论抓取完成: 30 条
2025-10-20 17:50:46 - reddit_crawler - INFO -   [23/50] 抓取帖子: /r/Stocks Weekend Discussion Saturday - Oct 18, 2025...
2025-10-20 17:50:46 - reddit_crawler - INFO -     → 正在抓取评论 (目标: 30 条)...
2025-10-20 17:50:47 - reddit_crawler - INFO -     ✓ 评论抓取完成: 30 条
2025-10-20 17:50:47 - reddit_crawler - INFO -   [24/50] 抓取帖子: What’s the best strategy to minimize taxes in my situation?...
2025-10-20 17:50:47 - reddit_crawler - INFO -     → 正在抓取评论 (目标: 30 条)...
2025-10-20 17:50:49 - reddit_crawler - INFO -     ✓ 评论抓取完成: 12 条
2025-10-20 17:50:50 - reddit_crawler - INFO -   [25/50] 抓取帖子: FDA Approves Novo Nordisk’s Rybelsus Diabetes Pill to Reduce...
2025-10-20 17:50:50 - reddit_crawler - INFO -     → 正在抓取评论 (目标: 30 条)...
2025-10-20 17:50:51 - reddit_crawler - INFO -     ✓ 评论抓取完成: 30 条
2025-10-20 17:50:51 - reddit_crawler - INFO -   [26/50] 抓取帖子: Eli Lilly, Novo Nordisk, and Hims stocks fall as Trump says ...
2025-10-20 17:50:51 - reddit_crawler - INFO -     → 正在抓取评论 (目标: 30 条)...
2025-10-20 17:50:56 - reddit_crawler - ERROR -       ✗ Reddit API 错误 (帖子: 1o9e4t8): 500 - Internal Server Error
2025-10-20 17:50:56 - reddit_crawler - INFO -     ✓ 评论抓取完成: 0 条
2025-10-20 17:50:57 - reddit_crawler - INFO -   [27/50] 抓取帖子: Future prospects and strategies regarding the XME ETF?...
2025-10-20 17:50:57 - reddit_crawler - INFO -     → 正在抓取评论 (目标: 30 条)...
2025-10-20 17:50:57 - reddit_crawler - INFO -     ✓ 评论抓取完成: 5 条
2025-10-20 17:50:58 - reddit_crawler - INFO -   [28/50] 抓取帖子: Is Robinhood Gearing Up for Another Big Move Ahead of Earnin...
2025-10-20 17:50:58 - reddit_crawler - INFO -     → 正在抓取评论 (目标: 30 条)...
2025-10-20 17:51:03 - reddit_crawler - INFO -     ✓ 评论抓取完成: 14 条
2025-10-20 17:51:04 - reddit_crawler - INFO -   [29/50] 抓取帖子: Physical Stock Certificates - what do I do?...
2025-10-20 17:51:04 - reddit_crawler - INFO -     → 正在抓取评论 (目标: 30 条)...
2025-10-20 17:51:05 - reddit_crawler - INFO -     ✓ 评论抓取完成: 8 条
2025-10-20 17:51:05 - reddit_crawler - INFO -   [30/50] 抓取帖子: Liquidate stocks while I’m ahead?...
2025-10-20 17:51:05 - reddit_crawler - INFO -     → 正在抓取评论 (目标: 30 条)...
2025-10-20 17:51:07 - reddit_crawler - INFO -     ✓ 评论抓取完成: 30 条
2025-10-20 17:51:08 - reddit_crawler - INFO -   [31/50] 抓取帖子: Can make money out of stock trading but need advice...
2025-10-20 17:51:08 - reddit_crawler - INFO -     → 正在抓取评论 (目标: 30 条)...
2025-10-20 17:51:12 - reddit_crawler - INFO -     ✓ 评论抓取完成: 30 条
2025-10-20 17:51:12 - reddit_crawler - INFO -   [32/50] 抓取帖子: Oracle (ORCL) shares fell over 7% todaydoes this signal a co...
2025-10-20 17:51:12 - reddit_crawler - INFO -     → 正在抓取评论 (目标: 30 条)...
2025-10-20 17:51:13 - reddit_crawler - INFO -     ✓ 评论抓取完成: 27 条
2025-10-20 17:51:14 - reddit_crawler - INFO -   [33/50] 抓取帖子: Last week I tracked 3 stocks, this is what I learned....
2025-10-20 17:51:14 - reddit_crawler - INFO -     → 正在抓取评论 (目标: 30 条)...
2025-10-20 17:51:15 - reddit_crawler - INFO -     ✓ 评论抓取完成: 18 条
2025-10-20 17:51:16 - reddit_crawler - INFO -   [34/50] 抓取帖子: Oracle Nose Dive...
2025-10-20 17:51:16 - reddit_crawler - INFO -     → 正在抓取评论 (目标: 30 条)...
2025-10-20 17:51:18 - reddit_crawler - INFO -     ✓ 评论抓取完成: 30 条
2025-10-20 17:51:19 - reddit_crawler - INFO -   [35/50] 抓取帖子: As someone who doesn't believe in current valuations, where ...
2025-10-20 17:51:19 - reddit_crawler - INFO -     → 正在抓取评论 (目标: 30 条)...
2025-10-20 17:51:20 - reddit_crawler - INFO -     ✓ 评论抓取完成: 30 条
2025-10-20 17:51:21 - reddit_crawler - INFO -   [36/50] 抓取帖子: Two small banks just exposed big loan losses and it might on...
2025-10-20 17:51:21 - reddit_crawler - INFO -     → 正在抓取评论 (目标: 30 条)...
2025-10-20 17:51:23 - reddit_crawler - INFO -     ✓ 评论抓取完成: 30 条
2025-10-20 17:51:23 - reddit_crawler - INFO -   [37/50] 抓取帖子: Would you invest in rebuilding Ukraine right now?...
2025-10-20 17:51:23 - reddit_crawler - INFO -     → 正在抓取评论 (目标: 30 条)...
2025-10-20 17:51:27 - reddit_crawler - INFO -     ✓ 评论抓取完成: 30 条
2025-10-20 17:51:27 - reddit_crawler - INFO -   [38/50] 抓取帖子: Moody’s says the banking system, private credit markets are ...
2025-10-20 17:51:27 - reddit_crawler - INFO -     → 正在抓取评论 (目标: 30 条)...
2025-10-20 17:51:34 - reddit_crawler - INFO -     ✓ 评论抓取完成: 30 条
2025-10-20 17:51:34 - reddit_crawler - INFO -   [39/50] 抓取帖子: Oklo and UK Nuclear Firm to Invest $2 Billion in US Fuel Pla...
2025-10-20 17:51:34 - reddit_crawler - INFO -     → 正在抓取评论 (目标: 30 条)...
2025-10-20 17:51:36 - reddit_crawler - INFO -     ✓ 评论抓取完成: 4 条
2025-10-20 17:51:37 - reddit_crawler - INFO -   [40/50] 抓取帖子: r/Stocks Daily Discussion & Fundamentals Friday Oct 17, 2025...
2025-10-20 17:51:37 - reddit_crawler - INFO -     → 正在抓取评论 (目标: 30 条)...
2025-10-20 17:51:42 - reddit_crawler - INFO -     ✓ 评论抓取完成: 30 条
2025-10-20 17:51:42 - reddit_crawler - INFO -   [41/50] 抓取帖子: Best hedge against the AI bubble...
2025-10-20 17:51:42 - reddit_crawler - INFO -     → 正在抓取评论 (目标: 30 条)...
2025-10-20 17:51:53 - reddit_crawler - INFO -     ✓ 评论抓取完成: 30 条
2025-10-20 17:51:53 - reddit_crawler - INFO -   [42/50] 抓取帖子: Can Brokerages Share/Sell Your Trading Data?...
2025-10-20 17:51:53 - reddit_crawler - INFO -     → 正在抓取评论 (目标: 30 条)...
2025-10-20 17:51:57 - reddit_crawler - INFO -     ✓ 评论抓取完成: 13 条
2025-10-20 17:51:57 - reddit_crawler - INFO -   [43/50] 抓取帖子: Shorting Gold?????...
2025-10-20 17:51:57 - reddit_crawler - INFO -     → 正在抓取评论 (目标: 30 条)...
2025-10-20 17:51:58 - reddit_crawler - INFO -     ✓ 评论抓取完成: 30 条
2025-10-20 17:51:58 - reddit_crawler - INFO -   [44/50] 抓取帖子: How do you screen for stocks?...
2025-10-20 17:51:58 - reddit_crawler - INFO -     → 正在抓取评论 (目标: 30 条)...
2025-10-20 17:51:59 - reddit_crawler - INFO -     ✓ 评论抓取完成: 30 条
2025-10-20 17:52:00 - reddit_crawler - INFO -   [45/50] 抓取帖子: GOOGL Cooking: Waymo (DoorDash Phoenix // London expansion) ...
2025-10-20 17:52:00 - reddit_crawler - INFO -     → 正在抓取评论 (目标: 30 条)...
2025-10-20 17:52:01 - reddit_crawler - INFO -     ✓ 评论抓取完成: 29 条
2025-10-20 17:52:01 - reddit_crawler - INFO -   [46/50] 抓取帖子: Investment in MP Materials...
2025-10-20 17:52:01 - reddit_crawler - INFO -     → 正在抓取评论 (目标: 30 条)...
2025-10-20 17:52:03 - reddit_crawler - INFO -     ✓ 评论抓取完成: 30 条
2025-10-20 17:52:04 - reddit_crawler - INFO -   [47/50] 抓取帖子: Stocks to Buy if Trump Deposes Maduro?...
2025-10-20 17:52:04 - reddit_crawler - INFO -     → 正在抓取评论 (目标: 30 条)...
2025-10-20 17:52:06 - reddit_crawler - INFO -     ✓ 评论抓取完成: 30 条
2025-10-20 17:52:06 - reddit_crawler - INFO -   [48/50] 抓取帖子: TSLA short thesis from 6 months ago - but now...
2025-10-20 17:52:06 - reddit_crawler - INFO -     → 正在抓取评论 (目标: 30 条)...
2025-10-20 17:52:09 - reddit_crawler - INFO -     ✓ 评论抓取完成: 4 条
2025-10-20 17:52:09 - reddit_crawler - INFO -   [49/50] 抓取帖子: October 16 Market Moment of Clarity: SPY Declines, Golden Dr...
2025-10-20 17:52:09 - reddit_crawler - INFO -     → 正在抓取评论 (目标: 30 条)...
2025-10-20 17:52:13 - reddit_crawler - INFO -     ✓ 评论抓取完成: 12 条
2025-10-20 17:52:13 - reddit_crawler - INFO -   [50/50] 抓取帖子: Excess Liquidity Has Vanished. Banks Are Borrowing. Markets ...
2025-10-20 17:52:13 - reddit_crawler - INFO -     → 正在抓取评论 (目标: 30 条)...
2025-10-20 17:52:18 - reddit_crawler - INFO -     ✓ 评论抓取完成: 30 条
2025-10-20 17:52:18 - reddit_crawler - INFO - ✓ 子版块 r/stocks 抓取完成 - 帖子: 50, 评论: 1065
2025-10-20 17:52:18 - reddit_crawler - INFO - 正在抓取子版块: r/wallstreetbets
2025-10-20 17:52:20 - reddit_crawler - INFO - ✓ 子版块 r/wallstreetbets 抓取完成 - 帖子: 0, 评论: 0
2025-10-20 17:52:20 - reddit_crawler - INFO - 正在抓取子版块: r/StockMarket
2025-10-20 17:52:22 - reddit_crawler - INFO -   [1/50] 抓取帖子: Robin Hood Down...
2025-10-20 17:52:22 - reddit_crawler - INFO -     → 正在抓取评论 (目标: 30 条)...
2025-10-20 17:52:28 - reddit_crawler - INFO -     ✓ 评论抓取完成: 8 条
2025-10-20 17:52:29 - reddit_crawler - INFO -   [2/50] 抓取帖子: Robinhood is down...
2025-10-20 17:52:29 - reddit_crawler - INFO -     → 正在抓取评论 (目标: 30 条)...
2025-10-20 17:52:35 - reddit_crawler - INFO -     ✓ 评论抓取完成: 30 条
2025-10-20 17:52:35 - reddit_crawler - INFO -   [3/50] 抓取帖子: AWS outage, how will it affect the stock today?...
2025-10-20 17:52:35 - reddit_crawler - INFO -     → 正在抓取评论 (目标: 30 条)...
2025-10-20 17:52:37 - reddit_crawler - INFO -     ✓ 评论抓取完成: 8 条
2025-10-20 17:52:37 - reddit_crawler - INFO -   [4/50] 抓取帖子: Trump Lists Top Demands on China Before Trade Talks Resume...
2025-10-20 17:52:37 - reddit_crawler - INFO -     → 正在抓取评论 (目标: 30 条)...
2025-10-20 17:52:39 - reddit_crawler - INFO -     ✓ 评论抓取完成: 10 条
2025-10-20 17:52:40 - reddit_crawler - INFO -   [5/50] 抓取帖子: Trump vows to keep 'massive' tariffs on India until Russian ...
2025-10-20 17:52:40 - reddit_crawler - INFO -     → 正在抓取评论 (目标: 30 条)...
